Determining if the __INTEL_COMPILER exist failed with the following output:
Change Dir: /home/parallels/CLionProjects/dune/cmake-build-debug/CMakeFiles/CMakeTmp

Run Build Command(s):/usr/bin/make cmTC_c978a/fast && /usr/bin/make -f CMakeFiles/cmTC_c978a.dir/build.make CMakeFiles/cmTC_c978a.dir/build
make[1]: Entering directory '/home/parallels/CLionProjects/dune/cmake-build-debug/CMakeFiles/CMakeTmp'
Building C object CMakeFiles/cmTC_c978a.dir/CheckSymbolExists.c.o
/usr/bin/cc    -o CMakeFiles/cmTC_c978a.dir/CheckSymbolExists.c.o   -c /home/parallels/CLionProjects/dune/cmake-build-debug/CMakeFiles/CMakeTmp/CheckSymbolExists.c
/home/parallels/CLionProjects/dune/cmake-build-debug/CMakeFiles/CMakeTmp/CheckSymbolExists.c: In function ‘main’:
/home/parallels/CLionProjects/dune/cmake-build-debug/CMakeFiles/CMakeTmp/CheckSymbolExists.c:8:19: error: ‘__INTEL_COMPILER’ undeclared (first use in this function)
   return ((int*)(&__INTEL_COMPILER))[argc];
                   ^~~~~~~~~~~~~~~~
/home/parallels/CLionProjects/dune/cmake-build-debug/CMakeFiles/CMakeTmp/CheckSymbolExists.c:8:19: note: each undeclared identifier is reported only once for each function it appears in
CMakeFiles/cmTC_c978a.dir/build.make:65: recipe for target 'CMakeFiles/cmTC_c978a.dir/CheckSymbolExists.c.o' failed
make[1]: *** [CMakeFiles/cmTC_c978a.dir/CheckSymbolExists.c.o] Error 1
make[1]: Leaving directory '/home/parallels/CLionProjects/dune/cmake-build-debug/CMakeFiles/CMakeTmp'
Makefile:121: recipe for target 'cmTC_c978a/fast' failed
make: *** [cmTC_c978a/fast] Error 2


File /home/parallels/CLionProjects/dune/cmake-build-debug/CMakeFiles/CMakeTmp/CheckSymbolExists.c:
/* */
#include <stdio.h>

int main(int argc, char** argv)
{
  (void)argv;
#ifndef __INTEL_COMPILER
  return ((int*)(&__INTEL_COMPILER))[argc];
#else
  (void)argc;
  return 0;
#endif
}
Determining if the __SUNPRO_C exist failed with the following output:
Change Dir: /home/parallels/CLionProjects/dune/cmake-build-debug/CMakeFiles/CMakeTmp

Run Build Command(s):/usr/bin/make cmTC_40c08/fast && /usr/bin/make -f CMakeFiles/cmTC_40c08.dir/build.make CMakeFiles/cmTC_40c08.dir/build
make[1]: Entering directory '/home/parallels/CLionProjects/dune/cmake-build-debug/CMakeFiles/CMakeTmp'
Building C object CMakeFiles/cmTC_40c08.dir/CheckSymbolExists.c.o
/usr/bin/cc    -o CMakeFiles/cmTC_40c08.dir/CheckSymbolExists.c.o   -c /home/parallels/CLionProjects/dune/cmake-build-debug/CMakeFiles/CMakeTmp/CheckSymbolExists.c
/home/parallels/CLionProjects/dune/cmake-build-debug/CMakeFiles/CMakeTmp/CheckSymbolExists.c: In function ‘main’:
/home/parallels/CLionProjects/dune/cmake-build-debug/CMakeFiles/CMakeTmp/CheckSymbolExists.c:8:19: error: ‘__SUNPRO_C’ undeclared (first use in this function); did you mean ‘__INT8_C’?
   return ((int*)(&__SUNPRO_C))[argc];
                   ^~~~~~~~~~
                   __INT8_C
/home/parallels/CLionProjects/dune/cmake-build-debug/CMakeFiles/CMakeTmp/CheckSymbolExists.c:8:19: note: each undeclared identifier is reported only once for each function it appears in
CMakeFiles/cmTC_40c08.dir/build.make:65: recipe for target 'CMakeFiles/cmTC_40c08.dir/CheckSymbolExists.c.o' failed
make[1]: *** [CMakeFiles/cmTC_40c08.dir/CheckSymbolExists.c.o] Error 1
make[1]: Leaving directory '/home/parallels/CLionProjects/dune/cmake-build-debug/CMakeFiles/CMakeTmp'
Makefile:121: recipe for target 'cmTC_40c08/fast' failed
make: *** [cmTC_40c08/fast] Error 2


File /home/parallels/CLionProjects/dune/cmake-build-debug/CMakeFiles/CMakeTmp/CheckSymbolExists.c:
/* */
#include <stdio.h>

int main(int argc, char** argv)
{
  (void)argv;
#ifndef __SUNPRO_C
  return ((int*)(&__SUNPRO_C))[argc];
#else
  (void)argc;
  return 0;
#endif
}
Determining if the __clang__ exist failed with the following output:
Change Dir: /home/parallels/CLionProjects/dune/cmake-build-debug/CMakeFiles/CMakeTmp

Run Build Command(s):/usr/bin/make cmTC_8f42c/fast && /usr/bin/make -f CMakeFiles/cmTC_8f42c.dir/build.make CMakeFiles/cmTC_8f42c.dir/build
make[1]: Entering directory '/home/parallels/CLionProjects/dune/cmake-build-debug/CMakeFiles/CMakeTmp'
Building C object CMakeFiles/cmTC_8f42c.dir/CheckSymbolExists.c.o
/usr/bin/cc    -o CMakeFiles/cmTC_8f42c.dir/CheckSymbolExists.c.o   -c /home/parallels/CLionProjects/dune/cmake-build-debug/CMakeFiles/CMakeTmp/CheckSymbolExists.c
/home/parallels/CLionProjects/dune/cmake-build-debug/CMakeFiles/CMakeTmp/CheckSymbolExists.c: In function ‘main’:
/home/parallels/CLionProjects/dune/cmake-build-debug/CMakeFiles/CMakeTmp/CheckSymbolExists.c:8:19: error: ‘__clang__’ undeclared (first use in this function); did you mean ‘__clock_t’?
   return ((int*)(&__clang__))[argc];
                   ^~~~~~~~~
                   __clock_t
/home/parallels/CLionProjects/dune/cmake-build-debug/CMakeFiles/CMakeTmp/CheckSymbolExists.c:8:19: note: each undeclared identifier is reported only once for each function it appears in
CMakeFiles/cmTC_8f42c.dir/build.make:65: recipe for target 'CMakeFiles/cmTC_8f42c.dir/CheckSymbolExists.c.o' failed
make[1]: *** [CMakeFiles/cmTC_8f42c.dir/CheckSymbolExists.c.o] Error 1
make[1]: Leaving directory '/home/parallels/CLionProjects/dune/cmake-build-debug/CMakeFiles/CMakeTmp'
Makefile:121: recipe for target 'cmTC_8f42c/fast' failed
make: *** [cmTC_8f42c/fast] Error 2


File /home/parallels/CLionProjects/dune/cmake-build-debug/CMakeFiles/CMakeTmp/CheckSymbolExists.c:
/* */
#include <stdio.h>

int main(int argc, char** argv)
{
  (void)argv;
#ifndef __clang__
  return ((int*)(&__clang__))[argc];
#else
  (void)argc;
  return 0;
#endif
}
Performing C++ SOURCE FILE Test __ARCH64__ failed with the following output:
Change Dir: /home/parallels/CLionProjects/dune/cmake-build-debug/CMakeFiles/CMakeTmp

Run Build Command(s):/usr/bin/make cmTC_fb66e/fast && /usr/bin/make -f CMakeFiles/cmTC_fb66e.dir/build.make CMakeFiles/cmTC_fb66e.dir/build
make[1]: Entering directory '/home/parallels/CLionProjects/dune/cmake-build-debug/CMakeFiles/CMakeTmp'
Building CXX object CMakeFiles/cmTC_fb66e.dir/src.cxx.o
/usr/bin/c++    -D__ARCH64__   -o CMakeFiles/cmTC_fb66e.dir/src.cxx.o -c /home/parallels/CLionProjects/dune/cmake-build-debug/CMakeFiles/CMakeTmp/src.cxx
/home/parallels/CLionProjects/dune/cmake-build-debug/CMakeFiles/CMakeTmp/src.cxx:3:2: error: #error not defined
 #error not defined
  ^~~~~
CMakeFiles/cmTC_fb66e.dir/build.make:65: recipe for target 'CMakeFiles/cmTC_fb66e.dir/src.cxx.o' failed
make[1]: *** [CMakeFiles/cmTC_fb66e.dir/src.cxx.o] Error 1
make[1]: Leaving directory '/home/parallels/CLionProjects/dune/cmake-build-debug/CMakeFiles/CMakeTmp'
Makefile:121: recipe for target 'cmTC_fb66e/fast' failed
make: *** [cmTC_fb66e/fast] Error 2


Source file was:
#if defined(__arch64__)
#else
#error not defined
#endif
int main(void) {return 0; }

Performing C++ SOURCE FILE Test DUNE_CPU_MIXED_ENDIAN_DOUBLES failed with the following output:
Change Dir: /home/parallels/CLionProjects/dune/cmake-build-debug/CMakeFiles/CMakeTmp

Run Build Command(s):/usr/bin/make cmTC_6df83/fast && /usr/bin/make -f CMakeFiles/cmTC_6df83.dir/build.make CMakeFiles/cmTC_6df83.dir/build
make[1]: Entering directory '/home/parallels/CLionProjects/dune/cmake-build-debug/CMakeFiles/CMakeTmp'
Building CXX object CMakeFiles/cmTC_6df83.dir/src.cxx.o
/usr/bin/c++    -DDUNE_CPU_MIXED_ENDIAN_DOUBLES   -o CMakeFiles/cmTC_6df83.dir/src.cxx.o -c /home/parallels/CLionProjects/dune/cmake-build-debug/CMakeFiles/CMakeTmp/src.cxx
/home/parallels/CLionProjects/dune/cmake-build-debug/CMakeFiles/CMakeTmp/src.cxx:3:4: error: #error not ARM architecture
 #  error not ARM architecture
    ^~~~~
CMakeFiles/cmTC_6df83.dir/build.make:65: recipe for target 'CMakeFiles/cmTC_6df83.dir/src.cxx.o' failed
make[1]: *** [CMakeFiles/cmTC_6df83.dir/src.cxx.o] Error 1
make[1]: Leaving directory '/home/parallels/CLionProjects/dune/cmake-build-debug/CMakeFiles/CMakeTmp'
Makefile:121: recipe for target 'cmTC_6df83/fast' failed
make: *** [cmTC_6df83/fast] Error 2


Source file was:

#if !defined(__arm__)
#  error not ARM architecture
#endif

#if defined(__VFP_FP__)
#  error normal doubles.
#endif

int main(void) { return 0; }

Performing C++ SOURCE FILE Test DUNE_CPU_VARIANT_ATOM failed with the following output:
Change Dir: /home/parallels/CLionProjects/dune/cmake-build-debug/CMakeFiles/CMakeTmp

Run Build Command(s):/usr/bin/make cmTC_10933/fast && /usr/bin/make -f CMakeFiles/cmTC_10933.dir/build.make CMakeFiles/cmTC_10933.dir/build
make[1]: Entering directory '/home/parallels/CLionProjects/dune/cmake-build-debug/CMakeFiles/CMakeTmp'
Building CXX object CMakeFiles/cmTC_10933.dir/src.cxx.o
/usr/bin/c++    -DDUNE_CPU_VARIANT_ATOM   -o CMakeFiles/cmTC_10933.dir/src.cxx.o -c /home/parallels/CLionProjects/dune/cmake-build-debug/CMakeFiles/CMakeTmp/src.cxx
/home/parallels/CLionProjects/dune/cmake-build-debug/CMakeFiles/CMakeTmp/src.cxx:2:2: error: #error undefined macro
 #error undefined macro
  ^~~~~
CMakeFiles/cmTC_10933.dir/build.make:65: recipe for target 'CMakeFiles/cmTC_10933.dir/src.cxx.o' failed
make[1]: *** [CMakeFiles/cmTC_10933.dir/src.cxx.o] Error 1
make[1]: Leaving directory '/home/parallels/CLionProjects/dune/cmake-build-debug/CMakeFiles/CMakeTmp'
Makefile:121: recipe for target 'cmTC_10933/fast' failed
make: *** [cmTC_10933/fast] Error 2


Source file was:
#if !defined(__atom__)
#error undefined macro
#endif
int main(void){return 0;}
Performing C++ SOURCE FILE Test DUNE_CPU_VARIANT_GEODE failed with the following output:
Change Dir: /home/parallels/CLionProjects/dune/cmake-build-debug/CMakeFiles/CMakeTmp

Run Build Command(s):/usr/bin/make cmTC_cdb59/fast && /usr/bin/make -f CMakeFiles/cmTC_cdb59.dir/build.make CMakeFiles/cmTC_cdb59.dir/build
make[1]: Entering directory '/home/parallels/CLionProjects/dune/cmake-build-debug/CMakeFiles/CMakeTmp'
Building CXX object CMakeFiles/cmTC_cdb59.dir/src.cxx.o
/usr/bin/c++    -DDUNE_CPU_VARIANT_GEODE   -o CMakeFiles/cmTC_cdb59.dir/src.cxx.o -c /home/parallels/CLionProjects/dune/cmake-build-debug/CMakeFiles/CMakeTmp/src.cxx
/home/parallels/CLionProjects/dune/cmake-build-debug/CMakeFiles/CMakeTmp/src.cxx:2:2: error: #error undefined macro
 #error undefined macro
  ^~~~~
CMakeFiles/cmTC_cdb59.dir/build.make:65: recipe for target 'CMakeFiles/cmTC_cdb59.dir/src.cxx.o' failed
make[1]: *** [CMakeFiles/cmTC_cdb59.dir/src.cxx.o] Error 1
make[1]: Leaving directory '/home/parallels/CLionProjects/dune/cmake-build-debug/CMakeFiles/CMakeTmp'
Makefile:121: recipe for target 'cmTC_cdb59/fast' failed
make: *** [cmTC_cdb59/fast] Error 2


Source file was:
#if !defined(__geode__)
#error undefined macro
#endif
int main(void){return 0;}
Determining if the __ANDROID__ exist failed with the following output:
Change Dir: /home/parallels/CLionProjects/dune/cmake-build-debug/CMakeFiles/CMakeTmp

Run Build Command(s):/usr/bin/make cmTC_dcf7e/fast && /usr/bin/make -f CMakeFiles/cmTC_dcf7e.dir/build.make CMakeFiles/cmTC_dcf7e.dir/build
make[1]: Entering directory '/home/parallels/CLionProjects/dune/cmake-build-debug/CMakeFiles/CMakeTmp'
Building C object CMakeFiles/cmTC_dcf7e.dir/CheckSymbolExists.c.o
/usr/bin/cc    -o CMakeFiles/cmTC_dcf7e.dir/CheckSymbolExists.c.o   -c /home/parallels/CLionProjects/dune/cmake-build-debug/CMakeFiles/CMakeTmp/CheckSymbolExists.c
/home/parallels/CLionProjects/dune/cmake-build-debug/CMakeFiles/CMakeTmp/CheckSymbolExists.c: In function ‘main’:
/home/parallels/CLionProjects/dune/cmake-build-debug/CMakeFiles/CMakeTmp/CheckSymbolExists.c:8:19: error: ‘__ANDROID__’ undeclared (first use in this function)
   return ((int*)(&__ANDROID__))[argc];
                   ^~~~~~~~~~~
/home/parallels/CLionProjects/dune/cmake-build-debug/CMakeFiles/CMakeTmp/CheckSymbolExists.c:8:19: note: each undeclared identifier is reported only once for each function it appears in
CMakeFiles/cmTC_dcf7e.dir/build.make:65: recipe for target 'CMakeFiles/cmTC_dcf7e.dir/CheckSymbolExists.c.o' failed
make[1]: *** [CMakeFiles/cmTC_dcf7e.dir/CheckSymbolExists.c.o] Error 1
make[1]: Leaving directory '/home/parallels/CLionProjects/dune/cmake-build-debug/CMakeFiles/CMakeTmp'
Makefile:121: recipe for target 'cmTC_dcf7e/fast' failed
make: *** [cmTC_dcf7e/fast] Error 2


File /home/parallels/CLionProjects/dune/cmake-build-debug/CMakeFiles/CMakeTmp/CheckSymbolExists.c:
/* */
#include <stdio.h>

int main(int argc, char** argv)
{
  (void)argv;
#ifndef __ANDROID__
  return ((int*)(&__ANDROID__))[argc];
#else
  (void)argc;
  return 0;
#endif
}
Performing C++ SOURCE FILE Test OS_LINUX24 failed with the following output:
Change Dir: /home/parallels/CLionProjects/dune/cmake-build-debug/CMakeFiles/CMakeTmp

Run Build Command(s):/usr/bin/make cmTC_61fbd/fast && /usr/bin/make -f CMakeFiles/cmTC_61fbd.dir/build.make CMakeFiles/cmTC_61fbd.dir/build
make[1]: Entering directory '/home/parallels/CLionProjects/dune/cmake-build-debug/CMakeFiles/CMakeTmp'
Building CXX object CMakeFiles/cmTC_61fbd.dir/src.cxx.o
/usr/bin/c++    -DOS_LINUX24   -o CMakeFiles/cmTC_61fbd.dir/src.cxx.o -c /home/parallels/CLionProjects/dune/cmake-build-debug/CMakeFiles/CMakeTmp/src.cxx
/home/parallels/CLionProjects/dune/cmake-build-debug/CMakeFiles/CMakeTmp/src.cxx:4:4: error: #error Linux 2.5 or greater
 #  error Linux 2.5 or greater
    ^~~~~
CMakeFiles/cmTC_61fbd.dir/build.make:65: recipe for target 'CMakeFiles/cmTC_61fbd.dir/src.cxx.o' failed
make[1]: *** [CMakeFiles/cmTC_61fbd.dir/src.cxx.o] Error 1
make[1]: Leaving directory '/home/parallels/CLionProjects/dune/cmake-build-debug/CMakeFiles/CMakeTmp'
Makefile:121: recipe for target 'cmTC_61fbd/fast' failed
make: *** [cmTC_61fbd/fast] Error 2


Source file was:

#include <linux/version.h>
#if LINUX_VERSION_CODE >= KERNEL_VERSION(2, 5, 0)
#  error Linux 2.5 or greater
#endif

Performing C++ SOURCE FILE Test LLVM_LIBC failed with the following output:
Change Dir: /home/parallels/CLionProjects/dune/cmake-build-debug/CMakeFiles/CMakeTmp

Run Build Command(s):/usr/bin/make cmTC_20e49/fast && /usr/bin/make -f CMakeFiles/cmTC_20e49.dir/build.make CMakeFiles/cmTC_20e49.dir/build
make[1]: Entering directory '/home/parallels/CLionProjects/dune/cmake-build-debug/CMakeFiles/CMakeTmp'
Building CXX object CMakeFiles/cmTC_20e49.dir/src.cxx.o
/usr/bin/c++    -DLLVM_LIBC   -o CMakeFiles/cmTC_20e49.dir/src.cxx.o -c /home/parallels/CLionProjects/dune/cmake-build-debug/CMakeFiles/CMakeTmp/src.cxx
/home/parallels/CLionProjects/dune/cmake-build-debug/CMakeFiles/CMakeTmp/src.cxx: In function ‘int main()’:
/home/parallels/CLionProjects/dune/cmake-build-debug/CMakeFiles/CMakeTmp/src.cxx:2:26: error: ‘_LIBCPP_VERSION’ was not declared in this scope
  int main(void) { return _LIBCPP_VERSION; }
                          ^~~~~~~~~~~~~~~
/home/parallels/CLionProjects/dune/cmake-build-debug/CMakeFiles/CMakeTmp/src.cxx:2:26: note: suggested alternative: ‘_GLIBCXX_VERBOSE’
  int main(void) { return _LIBCPP_VERSION; }
                          ^~~~~~~~~~~~~~~
                          _GLIBCXX_VERBOSE
CMakeFiles/cmTC_20e49.dir/build.make:65: recipe for target 'CMakeFiles/cmTC_20e49.dir/src.cxx.o' failed
make[1]: *** [CMakeFiles/cmTC_20e49.dir/src.cxx.o] Error 1
make[1]: Leaving directory '/home/parallels/CLionProjects/dune/cmake-build-debug/CMakeFiles/CMakeTmp'
Makefile:121: recipe for target 'cmTC_20e49/fast' failed
make: *** [cmTC_20e49/fast] Error 2


Source file was:
#include <cstddef>
 int main(void) { return _LIBCPP_VERSION; }
Determining if the __UCLIBC__ exist failed with the following output:
Change Dir: /home/parallels/CLionProjects/dune/cmake-build-debug/CMakeFiles/CMakeTmp

Run Build Command(s):/usr/bin/make cmTC_d2b7e/fast && /usr/bin/make -f CMakeFiles/cmTC_d2b7e.dir/build.make CMakeFiles/cmTC_d2b7e.dir/build
make[1]: Entering directory '/home/parallels/CLionProjects/dune/cmake-build-debug/CMakeFiles/CMakeTmp'
Building C object CMakeFiles/cmTC_d2b7e.dir/CheckSymbolExists.c.o
/usr/bin/cc    -o CMakeFiles/cmTC_d2b7e.dir/CheckSymbolExists.c.o   -c /home/parallels/CLionProjects/dune/cmake-build-debug/CMakeFiles/CMakeTmp/CheckSymbolExists.c
/home/parallels/CLionProjects/dune/cmake-build-debug/CMakeFiles/CMakeTmp/CheckSymbolExists.c: In function ‘main’:
/home/parallels/CLionProjects/dune/cmake-build-debug/CMakeFiles/CMakeTmp/CheckSymbolExists.c:8:19: error: ‘__UCLIBC__’ undeclared (first use in this function); did you mean ‘__GLIBC__’?
   return ((int*)(&__UCLIBC__))[argc];
                   ^~~~~~~~~~
                   __GLIBC__
/home/parallels/CLionProjects/dune/cmake-build-debug/CMakeFiles/CMakeTmp/CheckSymbolExists.c:8:19: note: each undeclared identifier is reported only once for each function it appears in
CMakeFiles/cmTC_d2b7e.dir/build.make:65: recipe for target 'CMakeFiles/cmTC_d2b7e.dir/CheckSymbolExists.c.o' failed
make[1]: *** [CMakeFiles/cmTC_d2b7e.dir/CheckSymbolExists.c.o] Error 1
make[1]: Leaving directory '/home/parallels/CLionProjects/dune/cmake-build-debug/CMakeFiles/CMakeTmp'
Makefile:121: recipe for target 'cmTC_d2b7e/fast' failed
make: *** [cmTC_d2b7e/fast] Error 2


File /home/parallels/CLionProjects/dune/cmake-build-debug/CMakeFiles/CMakeTmp/CheckSymbolExists.c:
/* */
#include <stdio.h>

int main(int argc, char** argv)
{
  (void)argv;
#ifndef __UCLIBC__
  return ((int*)(&__UCLIBC__))[argc];
#else
  (void)argc;
  return 0;
#endif
}
Determining if the __BIONIC__ exist failed with the following output:
Change Dir: /home/parallels/CLionProjects/dune/cmake-build-debug/CMakeFiles/CMakeTmp

Run Build Command(s):/usr/bin/make cmTC_e18c6/fast && /usr/bin/make -f CMakeFiles/cmTC_e18c6.dir/build.make CMakeFiles/cmTC_e18c6.dir/build
make[1]: Entering directory '/home/parallels/CLionProjects/dune/cmake-build-debug/CMakeFiles/CMakeTmp'
Building C object CMakeFiles/cmTC_e18c6.dir/CheckSymbolExists.c.o
/usr/bin/cc    -o CMakeFiles/cmTC_e18c6.dir/CheckSymbolExists.c.o   -c /home/parallels/CLionProjects/dune/cmake-build-debug/CMakeFiles/CMakeTmp/CheckSymbolExists.c
/home/parallels/CLionProjects/dune/cmake-build-debug/CMakeFiles/CMakeTmp/CheckSymbolExists.c: In function ‘main’:
/home/parallels/CLionProjects/dune/cmake-build-debug/CMakeFiles/CMakeTmp/CheckSymbolExists.c:8:19: error: ‘__BIONIC__’ undeclared (first use in this function); did you mean ‘__LINE__’?
   return ((int*)(&__BIONIC__))[argc];
                   ^~~~~~~~~~
                   __LINE__
/home/parallels/CLionProjects/dune/cmake-build-debug/CMakeFiles/CMakeTmp/CheckSymbolExists.c:8:19: note: each undeclared identifier is reported only once for each function it appears in
CMakeFiles/cmTC_e18c6.dir/build.make:65: recipe for target 'CMakeFiles/cmTC_e18c6.dir/CheckSymbolExists.c.o' failed
make[1]: *** [CMakeFiles/cmTC_e18c6.dir/CheckSymbolExists.c.o] Error 1
make[1]: Leaving directory '/home/parallels/CLionProjects/dune/cmake-build-debug/CMakeFiles/CMakeTmp'
Makefile:121: recipe for target 'cmTC_e18c6/fast' failed
make: *** [cmTC_e18c6/fast] Error 2


File /home/parallels/CLionProjects/dune/cmake-build-debug/CMakeFiles/CMakeTmp/CheckSymbolExists.c:
/* */
#include <stdio.h>

int main(int argc, char** argv)
{
  (void)argv;
#ifndef __BIONIC__
  return ((int*)(&__BIONIC__))[argc];
#else
  (void)argc;
  return 0;
#endif
}
Determining if the function getch exists in the ws2_32 failed with the following output:
Change Dir: /home/parallels/CLionProjects/dune/cmake-build-debug/CMakeFiles/CMakeTmp

Run Build Command(s):/usr/bin/make cmTC_6abfb/fast && /usr/bin/make -f CMakeFiles/cmTC_6abfb.dir/build.make CMakeFiles/cmTC_6abfb.dir/build
make[1]: Entering directory '/home/parallels/CLionProjects/dune/cmake-build-debug/CMakeFiles/CMakeTmp'
Building C object CMakeFiles/cmTC_6abfb.dir/CheckFunctionExists.c.o
/usr/bin/cc   -DCHECK_FUNCTION_EXISTS=getch   -o CMakeFiles/cmTC_6abfb.dir/CheckFunctionExists.c.o   -c /home/parallels/clion-2020.1.1/bin/cmake/linux/share/cmake-3.16/Modules/CheckFunctionExists.c
Linking C executable cmTC_6abfb
/home/parallels/clion-2020.1.1/bin/cmake/linux/bin/cmake -E cmake_link_script CMakeFiles/cmTC_6abfb.dir/link.txt --verbose=1
/usr/bin/cc  -DCHECK_FUNCTION_EXISTS=getch    -rdynamic CMakeFiles/cmTC_6abfb.dir/CheckFunctionExists.c.o  -o cmTC_6abfb  -lws2_32 -lrt 
/usr/bin/ld: cannot find -lws2_32
collect2: error: ld returned 1 exit status
CMakeFiles/cmTC_6abfb.dir/build.make:86: recipe for target 'cmTC_6abfb' failed
make[1]: *** [cmTC_6abfb] Error 1
make[1]: Leaving directory '/home/parallels/CLionProjects/dune/cmake-build-debug/CMakeFiles/CMakeTmp'
Makefile:121: recipe for target 'cmTC_6abfb/fast' failed
make: *** [cmTC_6abfb/fast] Error 2



Determining if the function getch exists in the wsock32 failed with the following output:
Change Dir: /home/parallels/CLionProjects/dune/cmake-build-debug/CMakeFiles/CMakeTmp

Run Build Command(s):/usr/bin/make cmTC_20823/fast && /usr/bin/make -f CMakeFiles/cmTC_20823.dir/build.make CMakeFiles/cmTC_20823.dir/build
make[1]: Entering directory '/home/parallels/CLionProjects/dune/cmake-build-debug/CMakeFiles/CMakeTmp'
Building C object CMakeFiles/cmTC_20823.dir/CheckFunctionExists.c.o
/usr/bin/cc   -DCHECK_FUNCTION_EXISTS=getch   -o CMakeFiles/cmTC_20823.dir/CheckFunctionExists.c.o   -c /home/parallels/clion-2020.1.1/bin/cmake/linux/share/cmake-3.16/Modules/CheckFunctionExists.c
Linking C executable cmTC_20823
/home/parallels/clion-2020.1.1/bin/cmake/linux/bin/cmake -E cmake_link_script CMakeFiles/cmTC_20823.dir/link.txt --verbose=1
/usr/bin/cc  -DCHECK_FUNCTION_EXISTS=getch    -rdynamic CMakeFiles/cmTC_20823.dir/CheckFunctionExists.c.o  -o cmTC_20823  -lwsock32 -lrt 
/usr/bin/ld: cannot find -lwsock32
collect2: error: ld returned 1 exit status
CMakeFiles/cmTC_20823.dir/build.make:86: recipe for target 'cmTC_20823' failed
make[1]: *** [cmTC_20823] Error 1
make[1]: Leaving directory '/home/parallels/CLionProjects/dune/cmake-build-debug/CMakeFiles/CMakeTmp'
Makefile:121: recipe for target 'cmTC_20823/fast' failed
make: *** [cmTC_20823/fast] Error 2



Determining if the function getch exists in the iphlpapi failed with the following output:
Change Dir: /home/parallels/CLionProjects/dune/cmake-build-debug/CMakeFiles/CMakeTmp

Run Build Command(s):/usr/bin/make cmTC_993aa/fast && /usr/bin/make -f CMakeFiles/cmTC_993aa.dir/build.make CMakeFiles/cmTC_993aa.dir/build
make[1]: Entering directory '/home/parallels/CLionProjects/dune/cmake-build-debug/CMakeFiles/CMakeTmp'
Building C object CMakeFiles/cmTC_993aa.dir/CheckFunctionExists.c.o
/usr/bin/cc   -DCHECK_FUNCTION_EXISTS=getch   -o CMakeFiles/cmTC_993aa.dir/CheckFunctionExists.c.o   -c /home/parallels/clion-2020.1.1/bin/cmake/linux/share/cmake-3.16/Modules/CheckFunctionExists.c
Linking C executable cmTC_993aa
/home/parallels/clion-2020.1.1/bin/cmake/linux/bin/cmake -E cmake_link_script CMakeFiles/cmTC_993aa.dir/link.txt --verbose=1
/usr/bin/cc  -DCHECK_FUNCTION_EXISTS=getch    -rdynamic CMakeFiles/cmTC_993aa.dir/CheckFunctionExists.c.o  -o cmTC_993aa  -liphlpapi -lrt 
/usr/bin/ld: cannot find -liphlpapi
collect2: error: ld returned 1 exit status
CMakeFiles/cmTC_993aa.dir/build.make:86: recipe for target 'cmTC_993aa' failed
make[1]: *** [cmTC_993aa] Error 1
make[1]: Leaving directory '/home/parallels/CLionProjects/dune/cmake-build-debug/CMakeFiles/CMakeTmp'
Makefile:121: recipe for target 'cmTC_993aa/fast' failed
make: *** [cmTC_993aa/fast] Error 2



Determining if the function setsockopt exists in the socket failed with the following output:
Change Dir: /home/parallels/CLionProjects/dune/cmake-build-debug/CMakeFiles/CMakeTmp

Run Build Command(s):/usr/bin/make cmTC_13c6d/fast && /usr/bin/make -f CMakeFiles/cmTC_13c6d.dir/build.make CMakeFiles/cmTC_13c6d.dir/build
make[1]: Entering directory '/home/parallels/CLionProjects/dune/cmake-build-debug/CMakeFiles/CMakeTmp'
Building C object CMakeFiles/cmTC_13c6d.dir/CheckFunctionExists.c.o
/usr/bin/cc   -DCHECK_FUNCTION_EXISTS=setsockopt   -o CMakeFiles/cmTC_13c6d.dir/CheckFunctionExists.c.o   -c /home/parallels/clion-2020.1.1/bin/cmake/linux/share/cmake-3.16/Modules/CheckFunctionExists.c
Linking C executable cmTC_13c6d
/home/parallels/clion-2020.1.1/bin/cmake/linux/bin/cmake -E cmake_link_script CMakeFiles/cmTC_13c6d.dir/link.txt --verbose=1
/usr/bin/cc  -DCHECK_FUNCTION_EXISTS=setsockopt    -rdynamic CMakeFiles/cmTC_13c6d.dir/CheckFunctionExists.c.o  -o cmTC_13c6d  -lsocket -lrt 
/usr/bin/ld: cannot find -lsocket
collect2: error: ld returned 1 exit status
CMakeFiles/cmTC_13c6d.dir/build.make:86: recipe for target 'cmTC_13c6d' failed
make[1]: *** [cmTC_13c6d] Error 1
make[1]: Leaving directory '/home/parallels/CLionProjects/dune/cmake-build-debug/CMakeFiles/CMakeTmp'
Makefile:121: recipe for target 'cmTC_13c6d/fast' failed
make: *** [cmTC_13c6d/fast] Error 2



Determining if the function inet_addr exists in the xnet failed with the following output:
Change Dir: /home/parallels/CLionProjects/dune/cmake-build-debug/CMakeFiles/CMakeTmp

Run Build Command(s):/usr/bin/make cmTC_afab0/fast && /usr/bin/make -f CMakeFiles/cmTC_afab0.dir/build.make CMakeFiles/cmTC_afab0.dir/build
make[1]: Entering directory '/home/parallels/CLionProjects/dune/cmake-build-debug/CMakeFiles/CMakeTmp'
Building C object CMakeFiles/cmTC_afab0.dir/CheckFunctionExists.c.o
/usr/bin/cc   -DCHECK_FUNCTION_EXISTS=inet_addr   -o CMakeFiles/cmTC_afab0.dir/CheckFunctionExists.c.o   -c /home/parallels/clion-2020.1.1/bin/cmake/linux/share/cmake-3.16/Modules/CheckFunctionExists.c
Linking C executable cmTC_afab0
/home/parallels/clion-2020.1.1/bin/cmake/linux/bin/cmake -E cmake_link_script CMakeFiles/cmTC_afab0.dir/link.txt --verbose=1
/usr/bin/cc  -DCHECK_FUNCTION_EXISTS=inet_addr    -rdynamic CMakeFiles/cmTC_afab0.dir/CheckFunctionExists.c.o  -o cmTC_afab0  -lxnet -lrt -lpthread -lm 
/usr/bin/ld: cannot find -lxnet
collect2: error: ld returned 1 exit status
CMakeFiles/cmTC_afab0.dir/build.make:86: recipe for target 'cmTC_afab0' failed
make[1]: *** [cmTC_afab0] Error 1
make[1]: Leaving directory '/home/parallels/CLionProjects/dune/cmake-build-debug/CMakeFiles/CMakeTmp'
Makefile:121: recipe for target 'cmTC_afab0/fast' failed
make: *** [cmTC_afab0/fast] Error 2



Determining if the function gettext exists in the intl failed with the following output:
Change Dir: /home/parallels/CLionProjects/dune/cmake-build-debug/CMakeFiles/CMakeTmp

Run Build Command(s):/usr/bin/make cmTC_bc824/fast && /usr/bin/make -f CMakeFiles/cmTC_bc824.dir/build.make CMakeFiles/cmTC_bc824.dir/build
make[1]: Entering directory '/home/parallels/CLionProjects/dune/cmake-build-debug/CMakeFiles/CMakeTmp'
Building C object CMakeFiles/cmTC_bc824.dir/CheckFunctionExists.c.o
/usr/bin/cc   -DCHECK_FUNCTION_EXISTS=gettext   -o CMakeFiles/cmTC_bc824.dir/CheckFunctionExists.c.o   -c /home/parallels/clion-2020.1.1/bin/cmake/linux/share/cmake-3.16/Modules/CheckFunctionExists.c
<command-line>:0:23: warning: conflicting types for built-in function ‘gettext’ [-Wbuiltin-declaration-mismatch]
/home/parallels/clion-2020.1.1/bin/cmake/linux/share/cmake-3.16/Modules/CheckFunctionExists.c:7:3: note: in expansion of macro ‘CHECK_FUNCTION_EXISTS’
   CHECK_FUNCTION_EXISTS(void);
   ^~~~~~~~~~~~~~~~~~~~~
Linking C executable cmTC_bc824
/home/parallels/clion-2020.1.1/bin/cmake/linux/bin/cmake -E cmake_link_script CMakeFiles/cmTC_bc824.dir/link.txt --verbose=1
/usr/bin/cc  -DCHECK_FUNCTION_EXISTS=gettext    -rdynamic CMakeFiles/cmTC_bc824.dir/CheckFunctionExists.c.o  -o cmTC_bc824  -lintl -lrt -lpthread -lm -lnsl -ldl 
/usr/bin/ld: cannot find -lintl
collect2: error: ld returned 1 exit status
CMakeFiles/cmTC_bc824.dir/build.make:86: recipe for target 'cmTC_bc824' failed
make[1]: *** [cmTC_bc824] Error 1
make[1]: Leaving directory '/home/parallels/CLionProjects/dune/cmake-build-debug/CMakeFiles/CMakeTmp'
Makefile:121: recipe for target 'cmTC_bc824/fast' failed
make: *** [cmTC_bc824/fast] Error 2



Determining if the include file devctl.h exists failed with the following output:
Change Dir: /home/parallels/CLionProjects/dune/cmake-build-debug/CMakeFiles/CMakeTmp

Run Build Command(s):/usr/bin/make cmTC_2adf4/fast && /usr/bin/make -f CMakeFiles/cmTC_2adf4.dir/build.make CMakeFiles/cmTC_2adf4.dir/build
make[1]: Entering directory '/home/parallels/CLionProjects/dune/cmake-build-debug/CMakeFiles/CMakeTmp'
Building CXX object CMakeFiles/cmTC_2adf4.dir/CheckIncludeFile.cxx.o
/usr/bin/c++     -o CMakeFiles/cmTC_2adf4.dir/CheckIncludeFile.cxx.o -c /home/parallels/CLionProjects/dune/cmake-build-debug/CMakeFiles/CMakeTmp/CheckIncludeFile.cxx
/home/parallels/CLionProjects/dune/cmake-build-debug/CMakeFiles/CMakeTmp/CheckIncludeFile.cxx:1:10: fatal error: devctl.h: No such file or directory
 #include <devctl.h>
          ^~~~~~~~~~
compilation terminated.
CMakeFiles/cmTC_2adf4.dir/build.make:65: recipe for target 'CMakeFiles/cmTC_2adf4.dir/CheckIncludeFile.cxx.o' failed
make[1]: *** [CMakeFiles/cmTC_2adf4.dir/CheckIncludeFile.cxx.o] Error 1
make[1]: Leaving directory '/home/parallels/CLionProjects/dune/cmake-build-debug/CMakeFiles/CMakeTmp'
Makefile:121: recipe for target 'cmTC_2adf4/fast' failed
make: *** [cmTC_2adf4/fast] Error 2



Determining if the include file windows.h exists failed with the following output:
Change Dir: /home/parallels/CLionProjects/dune/cmake-build-debug/CMakeFiles/CMakeTmp

Run Build Command(s):/usr/bin/make cmTC_838c3/fast && /usr/bin/make -f CMakeFiles/cmTC_838c3.dir/build.make CMakeFiles/cmTC_838c3.dir/build
make[1]: Entering directory '/home/parallels/CLionProjects/dune/cmake-build-debug/CMakeFiles/CMakeTmp'
Building CXX object CMakeFiles/cmTC_838c3.dir/CheckIncludeFile.cxx.o
/usr/bin/c++     -o CMakeFiles/cmTC_838c3.dir/CheckIncludeFile.cxx.o -c /home/parallels/CLionProjects/dune/cmake-build-debug/CMakeFiles/CMakeTmp/CheckIncludeFile.cxx
/home/parallels/CLionProjects/dune/cmake-build-debug/CMakeFiles/CMakeTmp/CheckIncludeFile.cxx:1:10: fatal error: windows.h: No such file or directory
 #include <windows.h>
          ^~~~~~~~~~~
compilation terminated.
CMakeFiles/cmTC_838c3.dir/build.make:65: recipe for target 'CMakeFiles/cmTC_838c3.dir/CheckIncludeFile.cxx.o' failed
make[1]: *** [CMakeFiles/cmTC_838c3.dir/CheckIncludeFile.cxx.o] Error 1
make[1]: Leaving directory '/home/parallels/CLionProjects/dune/cmake-build-debug/CMakeFiles/CMakeTmp'
Makefile:121: recipe for target 'cmTC_838c3/fast' failed
make: *** [cmTC_838c3/fast] Error 2



Determining if the include file direct.h exists failed with the following output:
Change Dir: /home/parallels/CLionProjects/dune/cmake-build-debug/CMakeFiles/CMakeTmp

Run Build Command(s):/usr/bin/make cmTC_f16b7/fast && /usr/bin/make -f CMakeFiles/cmTC_f16b7.dir/build.make CMakeFiles/cmTC_f16b7.dir/build
make[1]: Entering directory '/home/parallels/CLionProjects/dune/cmake-build-debug/CMakeFiles/CMakeTmp'
Building CXX object CMakeFiles/cmTC_f16b7.dir/CheckIncludeFile.cxx.o
/usr/bin/c++     -o CMakeFiles/cmTC_f16b7.dir/CheckIncludeFile.cxx.o -c /home/parallels/CLionProjects/dune/cmake-build-debug/CMakeFiles/CMakeTmp/CheckIncludeFile.cxx
/home/parallels/CLionProjects/dune/cmake-build-debug/CMakeFiles/CMakeTmp/CheckIncludeFile.cxx:1:10: fatal error: direct.h: No such file or directory
 #include <direct.h>
          ^~~~~~~~~~
compilation terminated.
CMakeFiles/cmTC_f16b7.dir/build.make:65: recipe for target 'CMakeFiles/cmTC_f16b7.dir/CheckIncludeFile.cxx.o' failed
make[1]: *** [CMakeFiles/cmTC_f16b7.dir/CheckIncludeFile.cxx.o] Error 1
make[1]: Leaving directory '/home/parallels/CLionProjects/dune/cmake-build-debug/CMakeFiles/CMakeTmp'
Makefile:121: recipe for target 'cmTC_f16b7/fast' failed
make: *** [cmTC_f16b7/fast] Error 2



Determining if the include file winsock2.h exists failed with the following output:
Change Dir: /home/parallels/CLionProjects/dune/cmake-build-debug/CMakeFiles/CMakeTmp

Run Build Command(s):/usr/bin/make cmTC_09245/fast && /usr/bin/make -f CMakeFiles/cmTC_09245.dir/build.make CMakeFiles/cmTC_09245.dir/build
make[1]: Entering directory '/home/parallels/CLionProjects/dune/cmake-build-debug/CMakeFiles/CMakeTmp'
Building CXX object CMakeFiles/cmTC_09245.dir/CheckIncludeFile.cxx.o
/usr/bin/c++     -o CMakeFiles/cmTC_09245.dir/CheckIncludeFile.cxx.o -c /home/parallels/CLionProjects/dune/cmake-build-debug/CMakeFiles/CMakeTmp/CheckIncludeFile.cxx
/home/parallels/CLionProjects/dune/cmake-build-debug/CMakeFiles/CMakeTmp/CheckIncludeFile.cxx:1:10: fatal error: winsock2.h: No such file or directory
 #include <winsock2.h>
          ^~~~~~~~~~~~
compilation terminated.
CMakeFiles/cmTC_09245.dir/build.make:65: recipe for target 'CMakeFiles/cmTC_09245.dir/CheckIncludeFile.cxx.o' failed
make[1]: *** [CMakeFiles/cmTC_09245.dir/CheckIncludeFile.cxx.o] Error 1
make[1]: Leaving directory '/home/parallels/CLionProjects/dune/cmake-build-debug/CMakeFiles/CMakeTmp'
Makefile:121: recipe for target 'cmTC_09245/fast' failed
make: *** [cmTC_09245/fast] Error 2



Determining if the include file mach-o/dyld.h exists failed with the following output:
Change Dir: /home/parallels/CLionProjects/dune/cmake-build-debug/CMakeFiles/CMakeTmp

Run Build Command(s):/usr/bin/make cmTC_7028d/fast && /usr/bin/make -f CMakeFiles/cmTC_7028d.dir/build.make CMakeFiles/cmTC_7028d.dir/build
make[1]: Entering directory '/home/parallels/CLionProjects/dune/cmake-build-debug/CMakeFiles/CMakeTmp'
Building CXX object CMakeFiles/cmTC_7028d.dir/CheckIncludeFile.cxx.o
/usr/bin/c++     -o CMakeFiles/cmTC_7028d.dir/CheckIncludeFile.cxx.o -c /home/parallels/CLionProjects/dune/cmake-build-debug/CMakeFiles/CMakeTmp/CheckIncludeFile.cxx
/home/parallels/CLionProjects/dune/cmake-build-debug/CMakeFiles/CMakeTmp/CheckIncludeFile.cxx:1:10: fatal error: mach-o/dyld.h: No such file or directory
 #include <mach-o/dyld.h>
          ^~~~~~~~~~~~~~~
compilation terminated.
CMakeFiles/cmTC_7028d.dir/build.make:65: recipe for target 'CMakeFiles/cmTC_7028d.dir/CheckIncludeFile.cxx.o' failed
make[1]: *** [CMakeFiles/cmTC_7028d.dir/CheckIncludeFile.cxx.o] Error 1
make[1]: Leaving directory '/home/parallels/CLionProjects/dune/cmake-build-debug/CMakeFiles/CMakeTmp'
Makefile:121: recipe for target 'cmTC_7028d/fast' failed
make: *** [cmTC_7028d/fast] Error 2



Determining if the include file process.h exists failed with the following output:
Change Dir: /home/parallels/CLionProjects/dune/cmake-build-debug/CMakeFiles/CMakeTmp

Run Build Command(s):/usr/bin/make cmTC_c25b6/fast && /usr/bin/make -f CMakeFiles/cmTC_c25b6.dir/build.make CMakeFiles/cmTC_c25b6.dir/build
make[1]: Entering directory '/home/parallels/CLionProjects/dune/cmake-build-debug/CMakeFiles/CMakeTmp'
Building CXX object CMakeFiles/cmTC_c25b6.dir/CheckIncludeFile.cxx.o
/usr/bin/c++     -o CMakeFiles/cmTC_c25b6.dir/CheckIncludeFile.cxx.o -c /home/parallels/CLionProjects/dune/cmake-build-debug/CMakeFiles/CMakeTmp/CheckIncludeFile.cxx
/home/parallels/CLionProjects/dune/cmake-build-debug/CMakeFiles/CMakeTmp/CheckIncludeFile.cxx:1:10: fatal error: process.h: No such file or directory
 #include <process.h>
          ^~~~~~~~~~~
compilation terminated.
CMakeFiles/cmTC_c25b6.dir/build.make:65: recipe for target 'CMakeFiles/cmTC_c25b6.dir/CheckIncludeFile.cxx.o' failed
make[1]: *** [CMakeFiles/cmTC_c25b6.dir/CheckIncludeFile.cxx.o] Error 1
make[1]: Leaving directory '/home/parallels/CLionProjects/dune/cmake-build-debug/CMakeFiles/CMakeTmp'
Makefile:121: recipe for target 'cmTC_c25b6/fast' failed
make: *** [cmTC_c25b6/fast] Error 2



Determining if the include file bsp.h exists failed with the following output:
Change Dir: /home/parallels/CLionProjects/dune/cmake-build-debug/CMakeFiles/CMakeTmp

Run Build Command(s):/usr/bin/make cmTC_51be7/fast && /usr/bin/make -f CMakeFiles/cmTC_51be7.dir/build.make CMakeFiles/cmTC_51be7.dir/build
make[1]: Entering directory '/home/parallels/CLionProjects/dune/cmake-build-debug/CMakeFiles/CMakeTmp'
Building CXX object CMakeFiles/cmTC_51be7.dir/CheckIncludeFile.cxx.o
/usr/bin/c++     -o CMakeFiles/cmTC_51be7.dir/CheckIncludeFile.cxx.o -c /home/parallels/CLionProjects/dune/cmake-build-debug/CMakeFiles/CMakeTmp/CheckIncludeFile.cxx
/home/parallels/CLionProjects/dune/cmake-build-debug/CMakeFiles/CMakeTmp/CheckIncludeFile.cxx:1:10: fatal error: bsp.h: No such file or directory
 #include <bsp.h>
          ^~~~~~~
compilation terminated.
CMakeFiles/cmTC_51be7.dir/build.make:65: recipe for target 'CMakeFiles/cmTC_51be7.dir/CheckIncludeFile.cxx.o' failed
make[1]: *** [CMakeFiles/cmTC_51be7.dir/CheckIncludeFile.cxx.o] Error 1
make[1]: Leaving directory '/home/parallels/CLionProjects/dune/cmake-build-debug/CMakeFiles/CMakeTmp'
Makefile:121: recipe for target 'cmTC_51be7/fast' failed
make: *** [cmTC_51be7/fast] Error 2



Performing C++ SOURCE FILE Test DUNE_SYS_HAS_TIMEPPS_H failed with the following output:
Change Dir: /home/parallels/CLionProjects/dune/cmake-build-debug/CMakeFiles/CMakeTmp

Run Build Command(s):/usr/bin/make cmTC_3b092/fast && /usr/bin/make -f CMakeFiles/cmTC_3b092.dir/build.make CMakeFiles/cmTC_3b092.dir/build
make[1]: Entering directory '/home/parallels/CLionProjects/dune/cmake-build-debug/CMakeFiles/CMakeTmp'
Building CXX object CMakeFiles/cmTC_3b092.dir/src.cxx.o
/usr/bin/c++    -DDUNE_SYS_HAS_TIMEPPS_H   -o CMakeFiles/cmTC_3b092.dir/src.cxx.o -c /home/parallels/CLionProjects/dune/cmake-build-debug/CMakeFiles/CMakeTmp/src.cxx
/home/parallels/CLionProjects/dune/cmake-build-debug/CMakeFiles/CMakeTmp/src.cxx:3:10: fatal error: timepps.h: No such file or directory
 #include <timepps.h>
          ^~~~~~~~~~~
compilation terminated.
CMakeFiles/cmTC_3b092.dir/build.make:65: recipe for target 'CMakeFiles/cmTC_3b092.dir/src.cxx.o' failed
make[1]: *** [CMakeFiles/cmTC_3b092.dir/src.cxx.o] Error 1
make[1]: Leaving directory '/home/parallels/CLionProjects/dune/cmake-build-debug/CMakeFiles/CMakeTmp'
Makefile:121: recipe for target 'cmTC_3b092/fast' failed
make: *** [cmTC_3b092/fast] Error 2


Source file was:
#include <unistd.h>

#include <timepps.h>
int main(void){ return 0; }

Performing C++ SOURCE FILE Test DUNE_SYS_HAS_IPHLPAPI_H failed with the following output:
Change Dir: /home/parallels/CLionProjects/dune/cmake-build-debug/CMakeFiles/CMakeTmp

Run Build Command(s):/usr/bin/make cmTC_ddb79/fast && /usr/bin/make -f CMakeFiles/cmTC_ddb79.dir/build.make CMakeFiles/cmTC_ddb79.dir/build
make[1]: Entering directory '/home/parallels/CLionProjects/dune/cmake-build-debug/CMakeFiles/CMakeTmp'
Building CXX object CMakeFiles/cmTC_ddb79.dir/src.cxx.o
/usr/bin/c++    -DDUNE_SYS_HAS_IPHLPAPI_H   -o CMakeFiles/cmTC_ddb79.dir/src.cxx.o -c /home/parallels/CLionProjects/dune/cmake-build-debug/CMakeFiles/CMakeTmp/src.cxx
/home/parallels/CLionProjects/dune/cmake-build-debug/CMakeFiles/CMakeTmp/src.cxx:2:10: fatal error: iphlpapi.h: No such file or directory
 #include <iphlpapi.h>
          ^~~~~~~~~~~~
compilation terminated.
CMakeFiles/cmTC_ddb79.dir/build.make:65: recipe for target 'CMakeFiles/cmTC_ddb79.dir/src.cxx.o' failed
make[1]: *** [CMakeFiles/cmTC_ddb79.dir/src.cxx.o] Error 1
make[1]: Leaving directory '/home/parallels/CLionProjects/dune/cmake-build-debug/CMakeFiles/CMakeTmp'
Makefile:121: recipe for target 'cmTC_ddb79/fast' failed
make: *** [cmTC_ddb79/fast] Error 2


Source file was:

#include <iphlpapi.h>
int main(void){ return 0; }

Performing C++ SOURCE FILE Test DUNE_SYS_HAS_WS2TCPIP_H failed with the following output:
Change Dir: /home/parallels/CLionProjects/dune/cmake-build-debug/CMakeFiles/CMakeTmp

Run Build Command(s):/usr/bin/make cmTC_45fa1/fast && /usr/bin/make -f CMakeFiles/cmTC_45fa1.dir/build.make CMakeFiles/cmTC_45fa1.dir/build
make[1]: Entering directory '/home/parallels/CLionProjects/dune/cmake-build-debug/CMakeFiles/CMakeTmp'
Building CXX object CMakeFiles/cmTC_45fa1.dir/src.cxx.o
/usr/bin/c++    -DDUNE_SYS_HAS_WS2TCPIP_H   -o CMakeFiles/cmTC_45fa1.dir/src.cxx.o -c /home/parallels/CLionProjects/dune/cmake-build-debug/CMakeFiles/CMakeTmp/src.cxx
/home/parallels/CLionProjects/dune/cmake-build-debug/CMakeFiles/CMakeTmp/src.cxx:2:10: fatal error: ws2tcpip.h: No such file or directory
 #include <ws2tcpip.h>
          ^~~~~~~~~~~~
compilation terminated.
CMakeFiles/cmTC_45fa1.dir/build.make:65: recipe for target 'CMakeFiles/cmTC_45fa1.dir/src.cxx.o' failed
make[1]: *** [CMakeFiles/cmTC_45fa1.dir/src.cxx.o] Error 1
make[1]: Leaving directory '/home/parallels/CLionProjects/dune/cmake-build-debug/CMakeFiles/CMakeTmp'
Makefile:121: recipe for target 'cmTC_45fa1/fast' failed
make: *** [cmTC_45fa1/fast] Error 2


Source file was:

#include <ws2tcpip.h>
int main(void){ return 0; }

Performing C++ SOURCE FILE Test DUNE_SYS_HAS_WS2SPI_H failed with the following output:
Change Dir: /home/parallels/CLionProjects/dune/cmake-build-debug/CMakeFiles/CMakeTmp

Run Build Command(s):/usr/bin/make cmTC_bb0cd/fast && /usr/bin/make -f CMakeFiles/cmTC_bb0cd.dir/build.make CMakeFiles/cmTC_bb0cd.dir/build
make[1]: Entering directory '/home/parallels/CLionProjects/dune/cmake-build-debug/CMakeFiles/CMakeTmp'
Building CXX object CMakeFiles/cmTC_bb0cd.dir/src.cxx.o
/usr/bin/c++    -DDUNE_SYS_HAS_WS2SPI_H   -o CMakeFiles/cmTC_bb0cd.dir/src.cxx.o -c /home/parallels/CLionProjects/dune/cmake-build-debug/CMakeFiles/CMakeTmp/src.cxx
/home/parallels/CLionProjects/dune/cmake-build-debug/CMakeFiles/CMakeTmp/src.cxx:2:10: fatal error: ws2spi.h: No such file or directory
 #include <ws2spi.h>
          ^~~~~~~~~~
compilation terminated.
CMakeFiles/cmTC_bb0cd.dir/build.make:65: recipe for target 'CMakeFiles/cmTC_bb0cd.dir/src.cxx.o' failed
make[1]: *** [CMakeFiles/cmTC_bb0cd.dir/src.cxx.o] Error 1
make[1]: Leaving directory '/home/parallels/CLionProjects/dune/cmake-build-debug/CMakeFiles/CMakeTmp'
Makefile:121: recipe for target 'cmTC_bb0cd/fast' failed
make: *** [cmTC_bb0cd/fast] Error 2


Source file was:

#include <ws2spi.h>
int main(void){ return 0; }

Performing C++ SOURCE FILE Test DUNE_SYS_HAS_STRNCPY_S failed with the following output:
Change Dir: /home/parallels/CLionProjects/dune/cmake-build-debug/CMakeFiles/CMakeTmp

Run Build Command(s):/usr/bin/make cmTC_775f8/fast && /usr/bin/make -f CMakeFiles/cmTC_775f8.dir/build.make CMakeFiles/cmTC_775f8.dir/build
make[1]: Entering directory '/home/parallels/CLionProjects/dune/cmake-build-debug/CMakeFiles/CMakeTmp'
Building CXX object CMakeFiles/cmTC_775f8.dir/src.cxx.o
/usr/bin/c++    -DDUNE_SYS_HAS_STRNCPY_S -Wall -Wshadow -pedantic   -o CMakeFiles/cmTC_775f8.dir/src.cxx.o -c /home/parallels/CLionProjects/dune/cmake-build-debug/CMakeFiles/CMakeTmp/src.cxx
/home/parallels/CLionProjects/dune/cmake-build-debug/CMakeFiles/CMakeTmp/src.cxx: In function ‘int main()’:
/home/parallels/CLionProjects/dune/cmake-build-debug/CMakeFiles/CMakeTmp/src.cxx:4:1: error: ‘size_t’ was not declared in this scope
 size_t xx;
 ^~~~~~
/home/parallels/CLionProjects/dune/cmake-build-debug/CMakeFiles/CMakeTmp/src.cxx:6:8: error: expected ‘;’ before ‘xxxx’
 size_t xxxx;
        ^~~~
/home/parallels/CLionProjects/dune/cmake-build-debug/CMakeFiles/CMakeTmp/src.cxx:8:2: error: ‘errno_t’ was not declared in this scope
  errno_t rv = strncpy_s(&x, xx, &xxx, xxxx);
  ^~~~~~~
/home/parallels/CLionProjects/dune/cmake-build-debug/CMakeFiles/CMakeTmp/src.cxx:3:6: warning: unused variable ‘x’ [-Wunused-variable]
 char x;
      ^
/home/parallels/CLionProjects/dune/cmake-build-debug/CMakeFiles/CMakeTmp/src.cxx:5:6: warning: unused variable ‘xxx’ [-Wunused-variable]
 char xxx;
      ^~~
CMakeFiles/cmTC_775f8.dir/build.make:65: recipe for target 'CMakeFiles/cmTC_775f8.dir/src.cxx.o' failed
make[1]: *** [CMakeFiles/cmTC_775f8.dir/src.cxx.o] Error 1
make[1]: Leaving directory '/home/parallels/CLionProjects/dune/cmake-build-debug/CMakeFiles/CMakeTmp'
Makefile:121: recipe for target 'cmTC_775f8/fast' failed
make: *** [cmTC_775f8/fast] Error 2


Source file was:

int main(void) {
char x;
size_t xx;
char xxx;
size_t xxxx;

 errno_t rv = strncpy_s(&x, xx, &xxx, xxxx);
return 0;
}

Performing C++ SOURCE FILE Test DUNE_SYS_HAS_VSNPRINTF_S failed with the following output:
Change Dir: /home/parallels/CLionProjects/dune/cmake-build-debug/CMakeFiles/CMakeTmp

Run Build Command(s):/usr/bin/make cmTC_b85d0/fast && /usr/bin/make -f CMakeFiles/cmTC_b85d0.dir/build.make CMakeFiles/cmTC_b85d0.dir/build
make[1]: Entering directory '/home/parallels/CLionProjects/dune/cmake-build-debug/CMakeFiles/CMakeTmp'
Building CXX object CMakeFiles/cmTC_b85d0.dir/src.cxx.o
/usr/bin/c++    -DDUNE_SYS_HAS_VSNPRINTF_S -Wall -Wshadow -pedantic   -o CMakeFiles/cmTC_b85d0.dir/src.cxx.o -c /home/parallels/CLionProjects/dune/cmake-build-debug/CMakeFiles/CMakeTmp/src.cxx
/home/parallels/CLionProjects/dune/cmake-build-debug/CMakeFiles/CMakeTmp/src.cxx: In function ‘int main()’:
/home/parallels/CLionProjects/dune/cmake-build-debug/CMakeFiles/CMakeTmp/src.cxx:4:1: error: ‘size_t’ was not declared in this scope
 size_t xx;
 ^~~~~~
/home/parallels/CLionProjects/dune/cmake-build-debug/CMakeFiles/CMakeTmp/src.cxx:5:8: error: expected ‘;’ before ‘xxx’
 size_t xxx;
        ^~~
/home/parallels/CLionProjects/dune/cmake-build-debug/CMakeFiles/CMakeTmp/src.cxx:7:2: error: ‘va_list’ was not declared in this scope
  va_list xxxxx;
  ^~~~~~~
/home/parallels/CLionProjects/dune/cmake-build-debug/CMakeFiles/CMakeTmp/src.cxx:9:27: error: ‘xx’ was not declared in this scope
  int rv = vsnprintf_s(&x, xx, xxx, &xxxx, xxxxx);
                           ^~
/home/parallels/CLionProjects/dune/cmake-build-debug/CMakeFiles/CMakeTmp/src.cxx:9:27: note: suggested alternative: ‘x’
  int rv = vsnprintf_s(&x, xx, xxx, &xxxx, xxxxx);
                           ^~
                           x
/home/parallels/CLionProjects/dune/cmake-build-debug/CMakeFiles/CMakeTmp/src.cxx:9:31: error: ‘xxx’ was not declared in this scope
  int rv = vsnprintf_s(&x, xx, xxx, &xxxx, xxxxx);
                               ^~~
/home/parallels/CLionProjects/dune/cmake-build-debug/CMakeFiles/CMakeTmp/src.cxx:9:31: note: suggested alternative: ‘xxxx’
  int rv = vsnprintf_s(&x, xx, xxx, &xxxx, xxxxx);
                               ^~~
                               xxxx
/home/parallels/CLionProjects/dune/cmake-build-debug/CMakeFiles/CMakeTmp/src.cxx:9:43: error: ‘xxxxx’ was not declared in this scope
  int rv = vsnprintf_s(&x, xx, xxx, &xxxx, xxxxx);
                                           ^~~~~
/home/parallels/CLionProjects/dune/cmake-build-debug/CMakeFiles/CMakeTmp/src.cxx:9:43: note: suggested alternative: ‘xxxx’
  int rv = vsnprintf_s(&x, xx, xxx, &xxxx, xxxxx);
                                           ^~~~~
                                           xxxx
/home/parallels/CLionProjects/dune/cmake-build-debug/CMakeFiles/CMakeTmp/src.cxx:9:11: error: ‘vsnprintf_s’ was not declared in this scope
  int rv = vsnprintf_s(&x, xx, xxx, &xxxx, xxxxx);
           ^~~~~~~~~~~
/home/parallels/CLionProjects/dune/cmake-build-debug/CMakeFiles/CMakeTmp/src.cxx:9:6: warning: unused variable ‘rv’ [-Wunused-variable]
  int rv = vsnprintf_s(&x, xx, xxx, &xxxx, xxxxx);
      ^~
CMakeFiles/cmTC_b85d0.dir/build.make:65: recipe for target 'CMakeFiles/cmTC_b85d0.dir/src.cxx.o' failed
make[1]: *** [CMakeFiles/cmTC_b85d0.dir/src.cxx.o] Error 1
make[1]: Leaving directory '/home/parallels/CLionProjects/dune/cmake-build-debug/CMakeFiles/CMakeTmp'
Makefile:121: recipe for target 'cmTC_b85d0/fast' failed
make: *** [cmTC_b85d0/fast] Error 2


Source file was:

int main(void) {
char x;
size_t xx;
size_t xxx;
char xxxx;
 va_list xxxxx;

 int rv = vsnprintf_s(&x, xx, xxx, &xxxx, xxxxx);
return 0;
}

Performing C++ SOURCE FILE Test DUNE_SYS_HAS_CLOSESOCKET failed with the following output:
Change Dir: /home/parallels/CLionProjects/dune/cmake-build-debug/CMakeFiles/CMakeTmp

Run Build Command(s):/usr/bin/make cmTC_28898/fast && /usr/bin/make -f CMakeFiles/cmTC_28898.dir/build.make CMakeFiles/cmTC_28898.dir/build
make[1]: Entering directory '/home/parallels/CLionProjects/dune/cmake-build-debug/CMakeFiles/CMakeTmp'
Building CXX object CMakeFiles/cmTC_28898.dir/src.cxx.o
/usr/bin/c++    -DDUNE_SYS_HAS_CLOSESOCKET -Wall -Wshadow -pedantic   -o CMakeFiles/cmTC_28898.dir/src.cxx.o -c /home/parallels/CLionProjects/dune/cmake-build-debug/CMakeFiles/CMakeTmp/src.cxx
/home/parallels/CLionProjects/dune/cmake-build-debug/CMakeFiles/CMakeTmp/src.cxx: In function ‘int main()’:
/home/parallels/CLionProjects/dune/cmake-build-debug/CMakeFiles/CMakeTmp/src.cxx:3:1: error: ‘SOCKET’ was not declared in this scope
 SOCKET x;
 ^~~~~~
/home/parallels/CLionProjects/dune/cmake-build-debug/CMakeFiles/CMakeTmp/src.cxx:5:23: error: ‘x’ was not declared in this scope
  int rv = closesocket(x);
                       ^
/home/parallels/CLionProjects/dune/cmake-build-debug/CMakeFiles/CMakeTmp/src.cxx:5:11: error: ‘closesocket’ was not declared in this scope
  int rv = closesocket(x);
           ^~~~~~~~~~~
/home/parallels/CLionProjects/dune/cmake-build-debug/CMakeFiles/CMakeTmp/src.cxx:5:6: warning: unused variable ‘rv’ [-Wunused-variable]
  int rv = closesocket(x);
      ^~
CMakeFiles/cmTC_28898.dir/build.make:65: recipe for target 'CMakeFiles/cmTC_28898.dir/src.cxx.o' failed
make[1]: *** [CMakeFiles/cmTC_28898.dir/src.cxx.o] Error 1
make[1]: Leaving directory '/home/parallels/CLionProjects/dune/cmake-build-debug/CMakeFiles/CMakeTmp'
Makefile:121: recipe for target 'cmTC_28898/fast' failed
make: *** [cmTC_28898/fast] Error 2


Source file was:

int main(void) {
SOCKET x;

 int rv = closesocket(x);
return 0;
}

Performing C++ SOURCE FILE Test DUNE_SYS_HAS_PTHREAD_WIN32_PROCESS_ATTACH_NP failed with the following output:
Change Dir: /home/parallels/CLionProjects/dune/cmake-build-debug/CMakeFiles/CMakeTmp

Run Build Command(s):/usr/bin/make cmTC_a7816/fast && /usr/bin/make -f CMakeFiles/cmTC_a7816.dir/build.make CMakeFiles/cmTC_a7816.dir/build
make[1]: Entering directory '/home/parallels/CLionProjects/dune/cmake-build-debug/CMakeFiles/CMakeTmp'
Building CXX object CMakeFiles/cmTC_a7816.dir/src.cxx.o
/usr/bin/c++    -DDUNE_SYS_HAS_PTHREAD_WIN32_PROCESS_ATTACH_NP -Wall -Wshadow -pedantic   -o CMakeFiles/cmTC_a7816.dir/src.cxx.o -c /home/parallels/CLionProjects/dune/cmake-build-debug/CMakeFiles/CMakeTmp/src.cxx
/home/parallels/CLionProjects/dune/cmake-build-debug/CMakeFiles/CMakeTmp/src.cxx: In function ‘int main()’:
/home/parallels/CLionProjects/dune/cmake-build-debug/CMakeFiles/CMakeTmp/src.cxx:5:11: error: ‘pthread_win32_process_attach_np’ was not declared in this scope
  int rv = pthread_win32_process_attach_np();
           ^~~~~~~~~~~~~~~~~~~~~~~~~~~~~~~
/home/parallels/CLionProjects/dune/cmake-build-debug/CMakeFiles/CMakeTmp/src.cxx:5:6: warning: unused variable ‘rv’ [-Wunused-variable]
  int rv = pthread_win32_process_attach_np();
      ^~
CMakeFiles/cmTC_a7816.dir/build.make:65: recipe for target 'CMakeFiles/cmTC_a7816.dir/src.cxx.o' failed
make[1]: *** [CMakeFiles/cmTC_a7816.dir/src.cxx.o] Error 1
make[1]: Leaving directory '/home/parallels/CLionProjects/dune/cmake-build-debug/CMakeFiles/CMakeTmp'
Makefile:121: recipe for target 'cmTC_a7816/fast' failed
make: *** [cmTC_a7816/fast] Error 2


Source file was:
#include <pthread.h>

int main(void) {

 int rv = pthread_win32_process_attach_np();
return 0;
}

Performing C++ SOURCE FILE Test DUNE_SYS_HAS__GETCWD failed with the following output:
Change Dir: /home/parallels/CLionProjects/dune/cmake-build-debug/CMakeFiles/CMakeTmp

Run Build Command(s):/usr/bin/make cmTC_e8f4f/fast && /usr/bin/make -f CMakeFiles/cmTC_e8f4f.dir/build.make CMakeFiles/cmTC_e8f4f.dir/build
make[1]: Entering directory '/home/parallels/CLionProjects/dune/cmake-build-debug/CMakeFiles/CMakeTmp'
Building CXX object CMakeFiles/cmTC_e8f4f.dir/src.cxx.o
/usr/bin/c++    -DDUNE_SYS_HAS__GETCWD -Wall -Wshadow -pedantic   -o CMakeFiles/cmTC_e8f4f.dir/src.cxx.o -c /home/parallels/CLionProjects/dune/cmake-build-debug/CMakeFiles/CMakeTmp/src.cxx
/home/parallels/CLionProjects/dune/cmake-build-debug/CMakeFiles/CMakeTmp/src.cxx: In function ‘int main()’:
/home/parallels/CLionProjects/dune/cmake-build-debug/CMakeFiles/CMakeTmp/src.cxx:6:13: error: ‘_getcwd’ was not declared in this scope
  char* rv = _getcwd(&x, xx);
             ^~~~~~~
/home/parallels/CLionProjects/dune/cmake-build-debug/CMakeFiles/CMakeTmp/src.cxx:6:8: warning: unused variable ‘rv’ [-Wunused-variable]
  char* rv = _getcwd(&x, xx);
        ^~
CMakeFiles/cmTC_e8f4f.dir/build.make:65: recipe for target 'CMakeFiles/cmTC_e8f4f.dir/src.cxx.o' failed
make[1]: *** [CMakeFiles/cmTC_e8f4f.dir/src.cxx.o] Error 1
make[1]: Leaving directory '/home/parallels/CLionProjects/dune/cmake-build-debug/CMakeFiles/CMakeTmp'
Makefile:121: recipe for target 'cmTC_e8f4f/fast' failed
make: *** [cmTC_e8f4f/fast] Error 2


Source file was:

int main(void) {
char x;
int xx;

 char* rv = _getcwd(&x, xx);
return 0;
}

Performing C++ SOURCE FILE Test DUNE_SYS_HAS_FORMAT_MESSAGE failed with the following output:
Change Dir: /home/parallels/CLionProjects/dune/cmake-build-debug/CMakeFiles/CMakeTmp

Run Build Command(s):/usr/bin/make cmTC_f073f/fast && /usr/bin/make -f CMakeFiles/cmTC_f073f.dir/build.make CMakeFiles/cmTC_f073f.dir/build
make[1]: Entering directory '/home/parallels/CLionProjects/dune/cmake-build-debug/CMakeFiles/CMakeTmp'
Building CXX object CMakeFiles/cmTC_f073f.dir/src.cxx.o
/usr/bin/c++    -DDUNE_SYS_HAS_FORMAT_MESSAGE -Wall -Wshadow -pedantic   -o CMakeFiles/cmTC_f073f.dir/src.cxx.o -c /home/parallels/CLionProjects/dune/cmake-build-debug/CMakeFiles/CMakeTmp/src.cxx
/home/parallels/CLionProjects/dune/cmake-build-debug/CMakeFiles/CMakeTmp/src.cxx: In function ‘int main()’:
/home/parallels/CLionProjects/dune/cmake-build-debug/CMakeFiles/CMakeTmp/src.cxx:3:1: error: ‘DWORD’ was not declared in this scope
 DWORD x;
 ^~~~~
/home/parallels/CLionProjects/dune/cmake-build-debug/CMakeFiles/CMakeTmp/src.cxx:5:7: error: expected ‘;’ before ‘xxx’
 DWORD xxx;
       ^~~
/home/parallels/CLionProjects/dune/cmake-build-debug/CMakeFiles/CMakeTmp/src.cxx:6:7: error: expected ‘;’ before ‘xxxx’
 DWORD xxxx;
       ^~~~
/home/parallels/CLionProjects/dune/cmake-build-debug/CMakeFiles/CMakeTmp/src.cxx:8:7: error: expected ‘;’ before ‘xxxxxx’
 DWORD xxxxxx;
       ^~~~~~
/home/parallels/CLionProjects/dune/cmake-build-debug/CMakeFiles/CMakeTmp/src.cxx:9:1: error: ‘va_list’ was not declared in this scope
 va_list xxxxxxx;
 ^~~~~~~
/home/parallels/CLionProjects/dune/cmake-build-debug/CMakeFiles/CMakeTmp/src.cxx:11:8: error: expected ‘;’ before ‘rv’
  DWORD rv = FormatMessage(x, &xx, xxx, xxxx, &xxxxx, xxxxxx, &xxxxxxx);
        ^~
/home/parallels/CLionProjects/dune/cmake-build-debug/CMakeFiles/CMakeTmp/src.cxx:4:6: warning: unused variable ‘xx’ [-Wunused-variable]
 char xx;
      ^~
/home/parallels/CLionProjects/dune/cmake-build-debug/CMakeFiles/CMakeTmp/src.cxx:7:6: warning: unused variable ‘xxxxx’ [-Wunused-variable]
 char xxxxx;
      ^~~~~
CMakeFiles/cmTC_f073f.dir/build.make:65: recipe for target 'CMakeFiles/cmTC_f073f.dir/src.cxx.o' failed
make[1]: *** [CMakeFiles/cmTC_f073f.dir/src.cxx.o] Error 1
make[1]: Leaving directory '/home/parallels/CLionProjects/dune/cmake-build-debug/CMakeFiles/CMakeTmp'
Makefile:121: recipe for target 'cmTC_f073f/fast' failed
make: *** [cmTC_f073f/fast] Error 2


Source file was:

int main(void) {
DWORD x;
char xx;
DWORD xxx;
DWORD xxxx;
char xxxxx;
DWORD xxxxxx;
va_list xxxxxxx;

 DWORD rv = FormatMessage(x, &xx, xxx, xxxx, &xxxxx, xxxxxx, &xxxxxxx);
return 0;
}

Performing C++ SOURCE FILE Test DUNE_SYS_HAS_GET_SYSTEM_TIME_AS_FILE_TIME failed with the following output:
Change Dir: /home/parallels/CLionProjects/dune/cmake-build-debug/CMakeFiles/CMakeTmp

Run Build Command(s):/usr/bin/make cmTC_9fa34/fast && /usr/bin/make -f CMakeFiles/cmTC_9fa34.dir/build.make CMakeFiles/cmTC_9fa34.dir/build
make[1]: Entering directory '/home/parallels/CLionProjects/dune/cmake-build-debug/CMakeFiles/CMakeTmp'
Building CXX object CMakeFiles/cmTC_9fa34.dir/src.cxx.o
/usr/bin/c++    -DDUNE_SYS_HAS_GET_SYSTEM_TIME_AS_FILE_TIME -Wall -Wshadow -pedantic   -o CMakeFiles/cmTC_9fa34.dir/src.cxx.o -c /home/parallels/CLionProjects/dune/cmake-build-debug/CMakeFiles/CMakeTmp/src.cxx
/home/parallels/CLionProjects/dune/cmake-build-debug/CMakeFiles/CMakeTmp/src.cxx: In function ‘int main()’:
/home/parallels/CLionProjects/dune/cmake-build-debug/CMakeFiles/CMakeTmp/src.cxx:3:1: error: ‘FILETIME’ was not declared in this scope
 FILETIME x;
 ^~~~~~~~
/home/parallels/CLionProjects/dune/cmake-build-debug/CMakeFiles/CMakeTmp/src.cxx:5:26: error: ‘x’ was not declared in this scope
 GetSystemTimeAsFileTime(&x);
                          ^
/home/parallels/CLionProjects/dune/cmake-build-debug/CMakeFiles/CMakeTmp/src.cxx:5:1: error: ‘GetSystemTimeAsFileTime’ was not declared in this scope
 GetSystemTimeAsFileTime(&x);
 ^~~~~~~~~~~~~~~~~~~~~~~
CMakeFiles/cmTC_9fa34.dir/build.make:65: recipe for target 'CMakeFiles/cmTC_9fa34.dir/src.cxx.o' failed
make[1]: *** [CMakeFiles/cmTC_9fa34.dir/src.cxx.o] Error 1
make[1]: Leaving directory '/home/parallels/CLionProjects/dune/cmake-build-debug/CMakeFiles/CMakeTmp'
Makefile:121: recipe for target 'cmTC_9fa34/fast' failed
make: *** [cmTC_9fa34/fast] Error 2


Source file was:

int main(void) {
FILETIME x;

GetSystemTimeAsFileTime(&x);
return 0;
}

Performing C++ SOURCE FILE Test DUNE_SYS_HAS_QUERY_PERFORMANCE_COUNTER failed with the following output:
Change Dir: /home/parallels/CLionProjects/dune/cmake-build-debug/CMakeFiles/CMakeTmp

Run Build Command(s):/usr/bin/make cmTC_2d56e/fast && /usr/bin/make -f CMakeFiles/cmTC_2d56e.dir/build.make CMakeFiles/cmTC_2d56e.dir/build
make[1]: Entering directory '/home/parallels/CLionProjects/dune/cmake-build-debug/CMakeFiles/CMakeTmp'
Building CXX object CMakeFiles/cmTC_2d56e.dir/src.cxx.o
/usr/bin/c++    -DDUNE_SYS_HAS_QUERY_PERFORMANCE_COUNTER -Wall -Wshadow -pedantic   -o CMakeFiles/cmTC_2d56e.dir/src.cxx.o -c /home/parallels/CLionProjects/dune/cmake-build-debug/CMakeFiles/CMakeTmp/src.cxx
/home/parallels/CLionProjects/dune/cmake-build-debug/CMakeFiles/CMakeTmp/src.cxx: In function ‘int main()’:
/home/parallels/CLionProjects/dune/cmake-build-debug/CMakeFiles/CMakeTmp/src.cxx:3:1: error: ‘LARGE_INTEGER’ was not declared in this scope
 LARGE_INTEGER x;
 ^~~~~~~~~~~~~
/home/parallels/CLionProjects/dune/cmake-build-debug/CMakeFiles/CMakeTmp/src.cxx:5:37: error: ‘x’ was not declared in this scope
  bool rv = QueryPerformanceCounter(&x);
                                     ^
/home/parallels/CLionProjects/dune/cmake-build-debug/CMakeFiles/CMakeTmp/src.cxx:5:12: error: ‘QueryPerformanceCounter’ was not declared in this scope
  bool rv = QueryPerformanceCounter(&x);
            ^~~~~~~~~~~~~~~~~~~~~~~
/home/parallels/CLionProjects/dune/cmake-build-debug/CMakeFiles/CMakeTmp/src.cxx:5:7: warning: unused variable ‘rv’ [-Wunused-variable]
  bool rv = QueryPerformanceCounter(&x);
       ^~
CMakeFiles/cmTC_2d56e.dir/build.make:65: recipe for target 'CMakeFiles/cmTC_2d56e.dir/src.cxx.o' failed
make[1]: *** [CMakeFiles/cmTC_2d56e.dir/src.cxx.o] Error 1
make[1]: Leaving directory '/home/parallels/CLionProjects/dune/cmake-build-debug/CMakeFiles/CMakeTmp'
Makefile:121: recipe for target 'cmTC_2d56e/fast' failed
make: *** [cmTC_2d56e/fast] Error 2


Source file was:

int main(void) {
LARGE_INTEGER x;

 bool rv = QueryPerformanceCounter(&x);
return 0;
}

Performing C++ SOURCE FILE Test DUNE_SYS_HAS_GET_LAST_ERROR failed with the following output:
Change Dir: /home/parallels/CLionProjects/dune/cmake-build-debug/CMakeFiles/CMakeTmp

Run Build Command(s):/usr/bin/make cmTC_92339/fast && /usr/bin/make -f CMakeFiles/cmTC_92339.dir/build.make CMakeFiles/cmTC_92339.dir/build
make[1]: Entering directory '/home/parallels/CLionProjects/dune/cmake-build-debug/CMakeFiles/CMakeTmp'
Building CXX object CMakeFiles/cmTC_92339.dir/src.cxx.o
/usr/bin/c++    -DDUNE_SYS_HAS_GET_LAST_ERROR -Wall -Wshadow -pedantic   -o CMakeFiles/cmTC_92339.dir/src.cxx.o -c /home/parallels/CLionProjects/dune/cmake-build-debug/CMakeFiles/CMakeTmp/src.cxx
/home/parallels/CLionProjects/dune/cmake-build-debug/CMakeFiles/CMakeTmp/src.cxx: In function ‘int main()’:
/home/parallels/CLionProjects/dune/cmake-build-debug/CMakeFiles/CMakeTmp/src.cxx:4:2: error: ‘DWORD’ was not declared in this scope
  DWORD rv = GetLastError();
  ^~~~~
CMakeFiles/cmTC_92339.dir/build.make:65: recipe for target 'CMakeFiles/cmTC_92339.dir/src.cxx.o' failed
make[1]: *** [CMakeFiles/cmTC_92339.dir/src.cxx.o] Error 1
make[1]: Leaving directory '/home/parallels/CLionProjects/dune/cmake-build-debug/CMakeFiles/CMakeTmp'
Makefile:121: recipe for target 'cmTC_92339/fast' failed
make: *** [cmTC_92339/fast] Error 2


Source file was:

int main(void) {

 DWORD rv = GetLastError();
return 0;
}

Performing C++ SOURCE FILE Test DUNE_SYS_HAS_CREATE_WAITABLE_TIMER failed with the following output:
Change Dir: /home/parallels/CLionProjects/dune/cmake-build-debug/CMakeFiles/CMakeTmp

Run Build Command(s):/usr/bin/make cmTC_a908d/fast && /usr/bin/make -f CMakeFiles/cmTC_a908d.dir/build.make CMakeFiles/cmTC_a908d.dir/build
make[1]: Entering directory '/home/parallels/CLionProjects/dune/cmake-build-debug/CMakeFiles/CMakeTmp'
Building CXX object CMakeFiles/cmTC_a908d.dir/src.cxx.o
/usr/bin/c++    -DDUNE_SYS_HAS_CREATE_WAITABLE_TIMER -Wall -Wshadow -pedantic   -o CMakeFiles/cmTC_a908d.dir/src.cxx.o -c /home/parallels/CLionProjects/dune/cmake-build-debug/CMakeFiles/CMakeTmp/src.cxx
/home/parallels/CLionProjects/dune/cmake-build-debug/CMakeFiles/CMakeTmp/src.cxx: In function ‘int main()’:
/home/parallels/CLionProjects/dune/cmake-build-debug/CMakeFiles/CMakeTmp/src.cxx:3:1: error: ‘SECURITY_ATTRIBUTES’ was not declared in this scope
 SECURITY_ATTRIBUTES x;
 ^~~~~~~~~~~~~~~~~~~
/home/parallels/CLionProjects/dune/cmake-build-debug/CMakeFiles/CMakeTmp/src.cxx:4:1: error: ‘BOOL’ was not declared in this scope
 BOOL xx;
 ^~~~
/home/parallels/CLionProjects/dune/cmake-build-debug/CMakeFiles/CMakeTmp/src.cxx:7:2: error: ‘HANDLE’ was not declared in this scope
  HANDLE rv = CreateWaitableTimer(&x, xx, &xxx);
  ^~~~~~
/home/parallels/CLionProjects/dune/cmake-build-debug/CMakeFiles/CMakeTmp/src.cxx:5:6: warning: unused variable ‘xxx’ [-Wunused-variable]
 char xxx;
      ^~~
CMakeFiles/cmTC_a908d.dir/build.make:65: recipe for target 'CMakeFiles/cmTC_a908d.dir/src.cxx.o' failed
make[1]: *** [CMakeFiles/cmTC_a908d.dir/src.cxx.o] Error 1
make[1]: Leaving directory '/home/parallels/CLionProjects/dune/cmake-build-debug/CMakeFiles/CMakeTmp'
Makefile:121: recipe for target 'cmTC_a908d/fast' failed
make: *** [cmTC_a908d/fast] Error 2


Source file was:

int main(void) {
SECURITY_ATTRIBUTES x;
BOOL xx;
char xxx;

 HANDLE rv = CreateWaitableTimer(&x, xx, &xxx);
return 0;
}

Performing C++ SOURCE FILE Test DUNE_SYS_HAS_GET_MODULE_FILE_NAME failed with the following output:
Change Dir: /home/parallels/CLionProjects/dune/cmake-build-debug/CMakeFiles/CMakeTmp

Run Build Command(s):/usr/bin/make cmTC_014cf/fast && /usr/bin/make -f CMakeFiles/cmTC_014cf.dir/build.make CMakeFiles/cmTC_014cf.dir/build
make[1]: Entering directory '/home/parallels/CLionProjects/dune/cmake-build-debug/CMakeFiles/CMakeTmp'
Building CXX object CMakeFiles/cmTC_014cf.dir/src.cxx.o
/usr/bin/c++    -DDUNE_SYS_HAS_GET_MODULE_FILE_NAME -Wall -Wshadow -pedantic   -o CMakeFiles/cmTC_014cf.dir/src.cxx.o -c /home/parallels/CLionProjects/dune/cmake-build-debug/CMakeFiles/CMakeTmp/src.cxx
/home/parallels/CLionProjects/dune/cmake-build-debug/CMakeFiles/CMakeTmp/src.cxx: In function ‘int main()’:
/home/parallels/CLionProjects/dune/cmake-build-debug/CMakeFiles/CMakeTmp/src.cxx:3:1: error: ‘HMODULE’ was not declared in this scope
 HMODULE x;
 ^~~~~~~
/home/parallels/CLionProjects/dune/cmake-build-debug/CMakeFiles/CMakeTmp/src.cxx:4:1: error: ‘LPSTR’ was not declared in this scope
 LPSTR xx;
 ^~~~~
/home/parallels/CLionProjects/dune/cmake-build-debug/CMakeFiles/CMakeTmp/src.cxx:5:1: error: ‘DWORD’ was not declared in this scope
 DWORD xxx;
 ^~~~~
/home/parallels/CLionProjects/dune/cmake-build-debug/CMakeFiles/CMakeTmp/src.cxx:7:8: error: expected ‘;’ before ‘rv’
  DWORD rv = GetModuleFileName(x, xx, xxx);
        ^~
CMakeFiles/cmTC_014cf.dir/build.make:65: recipe for target 'CMakeFiles/cmTC_014cf.dir/src.cxx.o' failed
make[1]: *** [CMakeFiles/cmTC_014cf.dir/src.cxx.o] Error 1
make[1]: Leaving directory '/home/parallels/CLionProjects/dune/cmake-build-debug/CMakeFiles/CMakeTmp'
Makefile:121: recipe for target 'cmTC_014cf/fast' failed
make: *** [cmTC_014cf/fast] Error 2


Source file was:

int main(void) {
HMODULE x;
LPSTR xx;
DWORD xxx;

 DWORD rv = GetModuleFileName(x, xx, xxx);
return 0;
}

Performing C++ SOURCE FILE Test DUNE_SYS_HAS_LOAD_LIBRARY failed with the following output:
Change Dir: /home/parallels/CLionProjects/dune/cmake-build-debug/CMakeFiles/CMakeTmp

Run Build Command(s):/usr/bin/make cmTC_1fdef/fast && /usr/bin/make -f CMakeFiles/cmTC_1fdef.dir/build.make CMakeFiles/cmTC_1fdef.dir/build
make[1]: Entering directory '/home/parallels/CLionProjects/dune/cmake-build-debug/CMakeFiles/CMakeTmp'
Building CXX object CMakeFiles/cmTC_1fdef.dir/src.cxx.o
/usr/bin/c++    -DDUNE_SYS_HAS_LOAD_LIBRARY -Wall -Wshadow -pedantic   -o CMakeFiles/cmTC_1fdef.dir/src.cxx.o -c /home/parallels/CLionProjects/dune/cmake-build-debug/CMakeFiles/CMakeTmp/src.cxx
/home/parallels/CLionProjects/dune/cmake-build-debug/CMakeFiles/CMakeTmp/src.cxx: In function ‘int main()’:
/home/parallels/CLionProjects/dune/cmake-build-debug/CMakeFiles/CMakeTmp/src.cxx:5:2: error: ‘HMODULE’ was not declared in this scope
  HMODULE rv = LoadLibrary(&x);
  ^~~~~~~
/home/parallels/CLionProjects/dune/cmake-build-debug/CMakeFiles/CMakeTmp/src.cxx:3:6: warning: unused variable ‘x’ [-Wunused-variable]
 char x;
      ^
CMakeFiles/cmTC_1fdef.dir/build.make:65: recipe for target 'CMakeFiles/cmTC_1fdef.dir/src.cxx.o' failed
make[1]: *** [CMakeFiles/cmTC_1fdef.dir/src.cxx.o] Error 1
make[1]: Leaving directory '/home/parallels/CLionProjects/dune/cmake-build-debug/CMakeFiles/CMakeTmp'
Makefile:121: recipe for target 'cmTC_1fdef/fast' failed
make: *** [cmTC_1fdef/fast] Error 2


Source file was:

int main(void) {
char x;

 HMODULE rv = LoadLibrary(&x);
return 0;
}

Performing C++ SOURCE FILE Test DUNE_SYS_HAS_TLS_ALLOC failed with the following output:
Change Dir: /home/parallels/CLionProjects/dune/cmake-build-debug/CMakeFiles/CMakeTmp

Run Build Command(s):/usr/bin/make cmTC_e9b0f/fast && /usr/bin/make -f CMakeFiles/cmTC_e9b0f.dir/build.make CMakeFiles/cmTC_e9b0f.dir/build
make[1]: Entering directory '/home/parallels/CLionProjects/dune/cmake-build-debug/CMakeFiles/CMakeTmp'
Building CXX object CMakeFiles/cmTC_e9b0f.dir/src.cxx.o
/usr/bin/c++    -DDUNE_SYS_HAS_TLS_ALLOC -Wall -Wshadow -pedantic   -o CMakeFiles/cmTC_e9b0f.dir/src.cxx.o -c /home/parallels/CLionProjects/dune/cmake-build-debug/CMakeFiles/CMakeTmp/src.cxx
/home/parallels/CLionProjects/dune/cmake-build-debug/CMakeFiles/CMakeTmp/src.cxx: In function ‘int main()’:
/home/parallels/CLionProjects/dune/cmake-build-debug/CMakeFiles/CMakeTmp/src.cxx:4:2: error: ‘DWORD’ was not declared in this scope
  DWORD rv = TlsAlloc();
  ^~~~~
CMakeFiles/cmTC_e9b0f.dir/build.make:65: recipe for target 'CMakeFiles/cmTC_e9b0f.dir/src.cxx.o' failed
make[1]: *** [CMakeFiles/cmTC_e9b0f.dir/src.cxx.o] Error 1
make[1]: Leaving directory '/home/parallels/CLionProjects/dune/cmake-build-debug/CMakeFiles/CMakeTmp'
Makefile:121: recipe for target 'cmTC_e9b0f/fast' failed
make: *** [cmTC_e9b0f/fast] Error 2


Source file was:

int main(void) {

 DWORD rv = TlsAlloc();
return 0;
}

Performing C++ SOURCE FILE Test DUNE_SYS_HAS_CREATE_DIRECTORY failed with the following output:
Change Dir: /home/parallels/CLionProjects/dune/cmake-build-debug/CMakeFiles/CMakeTmp

Run Build Command(s):/usr/bin/make cmTC_eca6a/fast && /usr/bin/make -f CMakeFiles/cmTC_eca6a.dir/build.make CMakeFiles/cmTC_eca6a.dir/build
make[1]: Entering directory '/home/parallels/CLionProjects/dune/cmake-build-debug/CMakeFiles/CMakeTmp'
Building CXX object CMakeFiles/cmTC_eca6a.dir/src.cxx.o
/usr/bin/c++    -DDUNE_SYS_HAS_CREATE_DIRECTORY -Wall -Wshadow -pedantic   -o CMakeFiles/cmTC_eca6a.dir/src.cxx.o -c /home/parallels/CLionProjects/dune/cmake-build-debug/CMakeFiles/CMakeTmp/src.cxx
/home/parallels/CLionProjects/dune/cmake-build-debug/CMakeFiles/CMakeTmp/src.cxx: In function ‘int main()’:
/home/parallels/CLionProjects/dune/cmake-build-debug/CMakeFiles/CMakeTmp/src.cxx:3:1: error: ‘LPCTSTR’ was not declared in this scope
 LPCTSTR x;
 ^~~~~~~
/home/parallels/CLionProjects/dune/cmake-build-debug/CMakeFiles/CMakeTmp/src.cxx:4:1: error: ‘LPSECURITY_ATTRIBUTES’ was not declared in this scope
 LPSECURITY_ATTRIBUTES xx;
 ^~~~~~~~~~~~~~~~~~~~~
/home/parallels/CLionProjects/dune/cmake-build-debug/CMakeFiles/CMakeTmp/src.cxx:6:2: error: ‘BOOL’ was not declared in this scope
  BOOL rv = CreateDirectory(x, xx);
  ^~~~
CMakeFiles/cmTC_eca6a.dir/build.make:65: recipe for target 'CMakeFiles/cmTC_eca6a.dir/src.cxx.o' failed
make[1]: *** [CMakeFiles/cmTC_eca6a.dir/src.cxx.o] Error 1
make[1]: Leaving directory '/home/parallels/CLionProjects/dune/cmake-build-debug/CMakeFiles/CMakeTmp'
Makefile:121: recipe for target 'cmTC_eca6a/fast' failed
make: *** [cmTC_eca6a/fast] Error 2


Source file was:

int main(void) {
LPCTSTR x;
LPSECURITY_ATTRIBUTES xx;

 BOOL rv = CreateDirectory(x, xx);
return 0;
}

Performing C++ SOURCE FILE Test DUNE_SYS_HAS_WSA_STARTUP failed with the following output:
Change Dir: /home/parallels/CLionProjects/dune/cmake-build-debug/CMakeFiles/CMakeTmp

Run Build Command(s):/usr/bin/make cmTC_30bf8/fast && /usr/bin/make -f CMakeFiles/cmTC_30bf8.dir/build.make CMakeFiles/cmTC_30bf8.dir/build
make[1]: Entering directory '/home/parallels/CLionProjects/dune/cmake-build-debug/CMakeFiles/CMakeTmp'
Building CXX object CMakeFiles/cmTC_30bf8.dir/src.cxx.o
/usr/bin/c++    -DDUNE_SYS_HAS_WSA_STARTUP -Wall -Wshadow -pedantic   -o CMakeFiles/cmTC_30bf8.dir/src.cxx.o -c /home/parallels/CLionProjects/dune/cmake-build-debug/CMakeFiles/CMakeTmp/src.cxx
/home/parallels/CLionProjects/dune/cmake-build-debug/CMakeFiles/CMakeTmp/src.cxx: In function ‘int main()’:
/home/parallels/CLionProjects/dune/cmake-build-debug/CMakeFiles/CMakeTmp/src.cxx:3:1: error: ‘WORD’ was not declared in this scope
 WORD x;
 ^~~~
/home/parallels/CLionProjects/dune/cmake-build-debug/CMakeFiles/CMakeTmp/src.cxx:4:1: error: ‘WSADATA’ was not declared in this scope
 WSADATA xx;
 ^~~~~~~
/home/parallels/CLionProjects/dune/cmake-build-debug/CMakeFiles/CMakeTmp/src.cxx:6:22: error: ‘x’ was not declared in this scope
  int rv = WSAStartup(x, &xx);
                      ^
/home/parallels/CLionProjects/dune/cmake-build-debug/CMakeFiles/CMakeTmp/src.cxx:6:26: error: ‘xx’ was not declared in this scope
  int rv = WSAStartup(x, &xx);
                          ^~
/home/parallels/CLionProjects/dune/cmake-build-debug/CMakeFiles/CMakeTmp/src.cxx:6:11: error: ‘WSAStartup’ was not declared in this scope
  int rv = WSAStartup(x, &xx);
           ^~~~~~~~~~
/home/parallels/CLionProjects/dune/cmake-build-debug/CMakeFiles/CMakeTmp/src.cxx:6:6: warning: unused variable ‘rv’ [-Wunused-variable]
  int rv = WSAStartup(x, &xx);
      ^~
CMakeFiles/cmTC_30bf8.dir/build.make:65: recipe for target 'CMakeFiles/cmTC_30bf8.dir/src.cxx.o' failed
make[1]: *** [CMakeFiles/cmTC_30bf8.dir/src.cxx.o] Error 1
make[1]: Leaving directory '/home/parallels/CLionProjects/dune/cmake-build-debug/CMakeFiles/CMakeTmp'
Makefile:121: recipe for target 'cmTC_30bf8/fast' failed
make: *** [cmTC_30bf8/fast] Error 2


Source file was:

int main(void) {
WORD x;
WSADATA xx;

 int rv = WSAStartup(x, &xx);
return 0;
}

Performing C++ SOURCE FILE Test DUNE_SYS_HAS_WSA_CLEANUP failed with the following output:
Change Dir: /home/parallels/CLionProjects/dune/cmake-build-debug/CMakeFiles/CMakeTmp

Run Build Command(s):/usr/bin/make cmTC_70d94/fast && /usr/bin/make -f CMakeFiles/cmTC_70d94.dir/build.make CMakeFiles/cmTC_70d94.dir/build
make[1]: Entering directory '/home/parallels/CLionProjects/dune/cmake-build-debug/CMakeFiles/CMakeTmp'
Building CXX object CMakeFiles/cmTC_70d94.dir/src.cxx.o
/usr/bin/c++    -DDUNE_SYS_HAS_WSA_CLEANUP -Wall -Wshadow -pedantic   -o CMakeFiles/cmTC_70d94.dir/src.cxx.o -c /home/parallels/CLionProjects/dune/cmake-build-debug/CMakeFiles/CMakeTmp/src.cxx
/home/parallels/CLionProjects/dune/cmake-build-debug/CMakeFiles/CMakeTmp/src.cxx: In function ‘int main()’:
/home/parallels/CLionProjects/dune/cmake-build-debug/CMakeFiles/CMakeTmp/src.cxx:4:11: error: ‘WSACleanup’ was not declared in this scope
  int rv = WSACleanup();
           ^~~~~~~~~~
/home/parallels/CLionProjects/dune/cmake-build-debug/CMakeFiles/CMakeTmp/src.cxx:4:6: warning: unused variable ‘rv’ [-Wunused-variable]
  int rv = WSACleanup();
      ^~
CMakeFiles/cmTC_70d94.dir/build.make:65: recipe for target 'CMakeFiles/cmTC_70d94.dir/src.cxx.o' failed
make[1]: *** [CMakeFiles/cmTC_70d94.dir/src.cxx.o] Error 1
make[1]: Leaving directory '/home/parallels/CLionProjects/dune/cmake-build-debug/CMakeFiles/CMakeTmp'
Makefile:121: recipe for target 'cmTC_70d94/fast' failed
make: *** [cmTC_70d94/fast] Error 2


Source file was:

int main(void) {

 int rv = WSACleanup();
return 0;
}

Performing C++ SOURCE FILE Test DUNE_SYS_HAS_WSA_STRING_TO_ADDRESS failed with the following output:
Change Dir: /home/parallels/CLionProjects/dune/cmake-build-debug/CMakeFiles/CMakeTmp

Run Build Command(s):/usr/bin/make cmTC_25046/fast && /usr/bin/make -f CMakeFiles/cmTC_25046.dir/build.make CMakeFiles/cmTC_25046.dir/build
make[1]: Entering directory '/home/parallels/CLionProjects/dune/cmake-build-debug/CMakeFiles/CMakeTmp'
Building CXX object CMakeFiles/cmTC_25046.dir/src.cxx.o
/usr/bin/c++    -DDUNE_SYS_HAS_WSA_STRING_TO_ADDRESS -Wall -Wshadow -pedantic   -o CMakeFiles/cmTC_25046.dir/src.cxx.o -c /home/parallels/CLionProjects/dune/cmake-build-debug/CMakeFiles/CMakeTmp/src.cxx
/home/parallels/CLionProjects/dune/cmake-build-debug/CMakeFiles/CMakeTmp/src.cxx: In function ‘int main()’:
/home/parallels/CLionProjects/dune/cmake-build-debug/CMakeFiles/CMakeTmp/src.cxx:5:1: error: ‘WSAPROTOCOL_INFO’ was not declared in this scope
 WSAPROTOCOL_INFO xxx;
 ^~~~~~~~~~~~~~~~
/home/parallels/CLionProjects/dune/cmake-build-debug/CMakeFiles/CMakeTmp/src.cxx:6:1: error: ‘SOCKADDR’ was not declared in this scope
 SOCKADDR xxxx;
 ^~~~~~~~
/home/parallels/CLionProjects/dune/cmake-build-debug/CMakeFiles/CMakeTmp/src.cxx:9:39: error: ‘xxx’ was not declared in this scope
  int rv = WSAStringToAddress(&x, xx, &xxx, &xxxx, &xxxxx);
                                       ^~~
/home/parallels/CLionProjects/dune/cmake-build-debug/CMakeFiles/CMakeTmp/src.cxx:9:39: note: suggested alternative: ‘xx’
  int rv = WSAStringToAddress(&x, xx, &xxx, &xxxx, &xxxxx);
                                       ^~~
                                       xx
/home/parallels/CLionProjects/dune/cmake-build-debug/CMakeFiles/CMakeTmp/src.cxx:9:45: error: ‘xxxx’ was not declared in this scope
  int rv = WSAStringToAddress(&x, xx, &xxx, &xxxx, &xxxxx);
                                             ^~~~
/home/parallels/CLionProjects/dune/cmake-build-debug/CMakeFiles/CMakeTmp/src.cxx:9:45: note: suggested alternative: ‘xxxxx’
  int rv = WSAStringToAddress(&x, xx, &xxx, &xxxx, &xxxxx);
                                             ^~~~
                                             xxxxx
/home/parallels/CLionProjects/dune/cmake-build-debug/CMakeFiles/CMakeTmp/src.cxx:9:11: error: ‘WSAStringToAddress’ was not declared in this scope
  int rv = WSAStringToAddress(&x, xx, &xxx, &xxxx, &xxxxx);
           ^~~~~~~~~~~~~~~~~~
/home/parallels/CLionProjects/dune/cmake-build-debug/CMakeFiles/CMakeTmp/src.cxx:9:6: warning: unused variable ‘rv’ [-Wunused-variable]
  int rv = WSAStringToAddress(&x, xx, &xxx, &xxxx, &xxxxx);
      ^~
CMakeFiles/cmTC_25046.dir/build.make:65: recipe for target 'CMakeFiles/cmTC_25046.dir/src.cxx.o' failed
make[1]: *** [CMakeFiles/cmTC_25046.dir/src.cxx.o] Error 1
make[1]: Leaving directory '/home/parallels/CLionProjects/dune/cmake-build-debug/CMakeFiles/CMakeTmp'
Makefile:121: recipe for target 'cmTC_25046/fast' failed
make: *** [cmTC_25046/fast] Error 2


Source file was:

int main(void) {
char x;
int xx;
WSAPROTOCOL_INFO xxx;
SOCKADDR xxxx;
int xxxxx;

 int rv = WSAStringToAddress(&x, xx, &xxx, &xxxx, &xxxxx);
return 0;
}

Performing C++ SOURCE FILE Test DUNE_SYS_HAS_WSA_IOCTL failed with the following output:
Change Dir: /home/parallels/CLionProjects/dune/cmake-build-debug/CMakeFiles/CMakeTmp

Run Build Command(s):/usr/bin/make cmTC_25538/fast && /usr/bin/make -f CMakeFiles/cmTC_25538.dir/build.make CMakeFiles/cmTC_25538.dir/build
make[1]: Entering directory '/home/parallels/CLionProjects/dune/cmake-build-debug/CMakeFiles/CMakeTmp'
Building CXX object CMakeFiles/cmTC_25538.dir/src.cxx.o
/usr/bin/c++    -DDUNE_SYS_HAS_WSA_IOCTL -Wall -Wshadow -pedantic   -o CMakeFiles/cmTC_25538.dir/src.cxx.o -c /home/parallels/CLionProjects/dune/cmake-build-debug/CMakeFiles/CMakeTmp/src.cxx
/home/parallels/CLionProjects/dune/cmake-build-debug/CMakeFiles/CMakeTmp/src.cxx: In function ‘int main()’:
/home/parallels/CLionProjects/dune/cmake-build-debug/CMakeFiles/CMakeTmp/src.cxx:3:1: error: ‘SOCKET’ was not declared in this scope
 SOCKET x;
 ^~~~~~
/home/parallels/CLionProjects/dune/cmake-build-debug/CMakeFiles/CMakeTmp/src.cxx:4:1: error: ‘DWORD’ was not declared in this scope
 DWORD xx;
 ^~~~~
/home/parallels/CLionProjects/dune/cmake-build-debug/CMakeFiles/CMakeTmp/src.cxx:6:7: error: expected ‘;’ before ‘xxxx’
 DWORD xxxx;
       ^~~~
/home/parallels/CLionProjects/dune/cmake-build-debug/CMakeFiles/CMakeTmp/src.cxx:8:7: error: expected ‘;’ before ‘xxxxxx’
 DWORD xxxxxx;
       ^~~~~~
/home/parallels/CLionProjects/dune/cmake-build-debug/CMakeFiles/CMakeTmp/src.cxx:9:1: error: ‘LPDWORD’ was not declared in this scope
 LPDWORD xxxxxxx;
 ^~~~~~~
/home/parallels/CLionProjects/dune/cmake-build-debug/CMakeFiles/CMakeTmp/src.cxx:10:1: error: ‘LPWSAOVERLAPPED’ was not declared in this scope
 LPWSAOVERLAPPED xxxxxxxx;
 ^~~~~~~~~~~~~~~
/home/parallels/CLionProjects/dune/cmake-build-debug/CMakeFiles/CMakeTmp/src.cxx:11:1: error: ‘LPWSAOVERLAPPED_COMPLETION_ROUTINE’ was not declared in this scope
 LPWSAOVERLAPPED_COMPLETION_ROUTINE xxxxxxxxx;
 ^~~~~~~~~~~~~~~~~~~~~~~~~~~~~~~~~~
/home/parallels/CLionProjects/dune/cmake-build-debug/CMakeFiles/CMakeTmp/src.cxx:13:20: error: ‘x’ was not declared in this scope
  int rv = WSAIoctl(x, xx, &xxx, xxxx, &xxxxx, xxxxxx, xxxxxxx, xxxxxxxx, xxxxxxxxx);
                    ^
/home/parallels/CLionProjects/dune/cmake-build-debug/CMakeFiles/CMakeTmp/src.cxx:13:23: error: ‘xx’ was not declared in this scope
  int rv = WSAIoctl(x, xx, &xxx, xxxx, &xxxxx, xxxxxx, xxxxxxx, xxxxxxxx, xxxxxxxxx);
                       ^~
/home/parallels/CLionProjects/dune/cmake-build-debug/CMakeFiles/CMakeTmp/src.cxx:13:23: note: suggested alternative: ‘xxx’
  int rv = WSAIoctl(x, xx, &xxx, xxxx, &xxxxx, xxxxxx, xxxxxxx, xxxxxxxx, xxxxxxxxx);
                       ^~
                       xxx
/home/parallels/CLionProjects/dune/cmake-build-debug/CMakeFiles/CMakeTmp/src.cxx:13:33: error: ‘xxxx’ was not declared in this scope
  int rv = WSAIoctl(x, xx, &xxx, xxxx, &xxxxx, xxxxxx, xxxxxxx, xxxxxxxx, xxxxxxxxx);
                                 ^~~~
/home/parallels/CLionProjects/dune/cmake-build-debug/CMakeFiles/CMakeTmp/src.cxx:13:33: note: suggested alternative: ‘xxxxx’
  int rv = WSAIoctl(x, xx, &xxx, xxxx, &xxxxx, xxxxxx, xxxxxxx, xxxxxxxx, xxxxxxxxx);
                                 ^~~~
                                 xxxxx
/home/parallels/CLionProjects/dune/cmake-build-debug/CMakeFiles/CMakeTmp/src.cxx:13:47: error: ‘xxxxxx’ was not declared in this scope
  int rv = WSAIoctl(x, xx, &xxx, xxxx, &xxxxx, xxxxxx, xxxxxxx, xxxxxxxx, xxxxxxxxx);
                                               ^~~~~~
/home/parallels/CLionProjects/dune/cmake-build-debug/CMakeFiles/CMakeTmp/src.cxx:13:47: note: suggested alternative: ‘xxxxx’
  int rv = WSAIoctl(x, xx, &xxx, xxxx, &xxxxx, xxxxxx, xxxxxxx, xxxxxxxx, xxxxxxxxx);
                                               ^~~~~~
                                               xxxxx
/home/parallels/CLionProjects/dune/cmake-build-debug/CMakeFiles/CMakeTmp/src.cxx:13:55: error: ‘xxxxxxx’ was not declared in this scope
  int rv = WSAIoctl(x, xx, &xxx, xxxx, &xxxxx, xxxxxx, xxxxxxx, xxxxxxxx, xxxxxxxxx);
                                                       ^~~~~~~
/home/parallels/CLionProjects/dune/cmake-build-debug/CMakeFiles/CMakeTmp/src.cxx:13:55: note: suggested alternative: ‘xxxxx’
  int rv = WSAIoctl(x, xx, &xxx, xxxx, &xxxxx, xxxxxx, xxxxxxx, xxxxxxxx, xxxxxxxxx);
                                                       ^~~~~~~
                                                       xxxxx
/home/parallels/CLionProjects/dune/cmake-build-debug/CMakeFiles/CMakeTmp/src.cxx:13:64: error: ‘xxxxxxxx’ was not declared in this scope
  int rv = WSAIoctl(x, xx, &xxx, xxxx, &xxxxx, xxxxxx, xxxxxxx, xxxxxxxx, xxxxxxxxx);
                                                                ^~~~~~~~
/home/parallels/CLionProjects/dune/cmake-build-debug/CMakeFiles/CMakeTmp/src.cxx:13:64: note: suggested alternative: ‘xxxxx’
  int rv = WSAIoctl(x, xx, &xxx, xxxx, &xxxxx, xxxxxx, xxxxxxx, xxxxxxxx, xxxxxxxxx);
                                                                ^~~~~~~~
                                                                xxxxx
/home/parallels/CLionProjects/dune/cmake-build-debug/CMakeFiles/CMakeTmp/src.cxx:13:74: error: ‘xxxxxxxxx’ was not declared in this scope
  int rv = WSAIoctl(x, xx, &xxx, xxxx, &xxxxx, xxxxxx, xxxxxxx, xxxxxxxx, xxxxxxxxx);
                                                                          ^~~~~~~~~
/home/parallels/CLionProjects/dune/cmake-build-debug/CMakeFiles/CMakeTmp/src.cxx:13:74: note: suggested alternative: ‘xxxxx’
  int rv = WSAIoctl(x, xx, &xxx, xxxx, &xxxxx, xxxxxx, xxxxxxx, xxxxxxxx, xxxxxxxxx);
                                                                          ^~~~~~~~~
                                                                          xxxxx
/home/parallels/CLionProjects/dune/cmake-build-debug/CMakeFiles/CMakeTmp/src.cxx:13:11: error: ‘WSAIoctl’ was not declared in this scope
  int rv = WSAIoctl(x, xx, &xxx, xxxx, &xxxxx, xxxxxx, xxxxxxx, xxxxxxxx, xxxxxxxxx);
           ^~~~~~~~
/home/parallels/CLionProjects/dune/cmake-build-debug/CMakeFiles/CMakeTmp/src.cxx:13:6: warning: unused variable ‘rv’ [-Wunused-variable]
  int rv = WSAIoctl(x, xx, &xxx, xxxx, &xxxxx, xxxxxx, xxxxxxx, xxxxxxxx, xxxxxxxxx);
      ^~
CMakeFiles/cmTC_25538.dir/build.make:65: recipe for target 'CMakeFiles/cmTC_25538.dir/src.cxx.o' failed
make[1]: *** [CMakeFiles/cmTC_25538.dir/src.cxx.o] Error 1
make[1]: Leaving directory '/home/parallels/CLionProjects/dune/cmake-build-debug/CMakeFiles/CMakeTmp'
Makefile:121: recipe for target 'cmTC_25538/fast' failed
make: *** [cmTC_25538/fast] Error 2


Source file was:

int main(void) {
SOCKET x;
DWORD xx;
char xxx;
DWORD xxxx;
char xxxxx;
DWORD xxxxxx;
LPDWORD xxxxxxx;
LPWSAOVERLAPPED xxxxxxxx;
LPWSAOVERLAPPED_COMPLETION_ROUTINE xxxxxxxxx;

 int rv = WSAIoctl(x, xx, &xxx, xxxx, &xxxxx, xxxxxx, xxxxxxx, xxxxxxxx, xxxxxxxxx);
return 0;
}

Performing C++ SOURCE FILE Test DUNE_SYS_HAS_POSIX_STRERROR_R failed with the following output:
Change Dir: /home/parallels/CLionProjects/dune/cmake-build-debug/CMakeFiles/CMakeTmp

Run Build Command(s):/usr/bin/make cmTC_70536/fast && /usr/bin/make -f CMakeFiles/cmTC_70536.dir/build.make CMakeFiles/cmTC_70536.dir/build
make[1]: Entering directory '/home/parallels/CLionProjects/dune/cmake-build-debug/CMakeFiles/CMakeTmp'
Building CXX object CMakeFiles/cmTC_70536.dir/src.cxx.o
/usr/bin/c++    -DDUNE_SYS_HAS_POSIX_STRERROR_R -Wall -Wshadow -pedantic   -o CMakeFiles/cmTC_70536.dir/src.cxx.o -c /home/parallels/CLionProjects/dune/cmake-build-debug/CMakeFiles/CMakeTmp/src.cxx
/home/parallels/CLionProjects/dune/cmake-build-debug/CMakeFiles/CMakeTmp/src.cxx: In function ‘int main()’:
/home/parallels/CLionProjects/dune/cmake-build-debug/CMakeFiles/CMakeTmp/src.cxx:9:21: error: invalid conversion from ‘char*’ to ‘int’ [-fpermissive]
  int rv = strerror_r(x, &xx, xxx);
           ~~~~~~~~~~^~~~~~~~~~~~~
/home/parallels/CLionProjects/dune/cmake-build-debug/CMakeFiles/CMakeTmp/src.cxx:9:6: warning: unused variable ‘rv’ [-Wunused-variable]
  int rv = strerror_r(x, &xx, xxx);
      ^~
CMakeFiles/cmTC_70536.dir/build.make:65: recipe for target 'CMakeFiles/cmTC_70536.dir/src.cxx.o' failed
make[1]: *** [CMakeFiles/cmTC_70536.dir/src.cxx.o] Error 1
make[1]: Leaving directory '/home/parallels/CLionProjects/dune/cmake-build-debug/CMakeFiles/CMakeTmp'
Makefile:121: recipe for target 'cmTC_70536/fast' failed
make: *** [cmTC_70536/fast] Error 2


Source file was:
#include <cstring>
#include <string.h>

int main(void) {
int x;
char xx;
size_t xxx;

 int rv = strerror_r(x, &xx, xxx);
return 0;
}

Performing C++ SOURCE FILE Test DUNE_SYS_HAS_CREATE_FILE failed with the following output:
Change Dir: /home/parallels/CLionProjects/dune/cmake-build-debug/CMakeFiles/CMakeTmp

Run Build Command(s):/usr/bin/make cmTC_d912c/fast && /usr/bin/make -f CMakeFiles/cmTC_d912c.dir/build.make CMakeFiles/cmTC_d912c.dir/build
make[1]: Entering directory '/home/parallels/CLionProjects/dune/cmake-build-debug/CMakeFiles/CMakeTmp'
Building CXX object CMakeFiles/cmTC_d912c.dir/src.cxx.o
/usr/bin/c++    -DDUNE_SYS_HAS_CREATE_FILE -Wall -Wshadow -pedantic   -o CMakeFiles/cmTC_d912c.dir/src.cxx.o -c /home/parallels/CLionProjects/dune/cmake-build-debug/CMakeFiles/CMakeTmp/src.cxx
/home/parallels/CLionProjects/dune/cmake-build-debug/CMakeFiles/CMakeTmp/src.cxx: In function ‘int main()’:
/home/parallels/CLionProjects/dune/cmake-build-debug/CMakeFiles/CMakeTmp/src.cxx:3:1: error: ‘LPCSTR’ was not declared in this scope
 LPCSTR x;
 ^~~~~~
/home/parallels/CLionProjects/dune/cmake-build-debug/CMakeFiles/CMakeTmp/src.cxx:4:1: error: ‘DWORD’ was not declared in this scope
 DWORD xx;
 ^~~~~
/home/parallels/CLionProjects/dune/cmake-build-debug/CMakeFiles/CMakeTmp/src.cxx:5:7: error: expected ‘;’ before ‘xxx’
 DWORD xxx;
       ^~~
/home/parallels/CLionProjects/dune/cmake-build-debug/CMakeFiles/CMakeTmp/src.cxx:6:1: error: ‘SECURITY_ATTRIBUTES’ was not declared in this scope
 SECURITY_ATTRIBUTES xxxx;
 ^~~~~~~~~~~~~~~~~~~
/home/parallels/CLionProjects/dune/cmake-build-debug/CMakeFiles/CMakeTmp/src.cxx:7:7: error: expected ‘;’ before ‘xxxxx’
 DWORD xxxxx;
       ^~~~~
/home/parallels/CLionProjects/dune/cmake-build-debug/CMakeFiles/CMakeTmp/src.cxx:8:7: error: expected ‘;’ before ‘xxxxxx’
 DWORD xxxxxx;
       ^~~~~~
/home/parallels/CLionProjects/dune/cmake-build-debug/CMakeFiles/CMakeTmp/src.cxx:9:1: error: ‘HANDLE’ was not declared in this scope
 HANDLE xxxxxxx;
 ^~~~~~
/home/parallels/CLionProjects/dune/cmake-build-debug/CMakeFiles/CMakeTmp/src.cxx:11:9: error: expected ‘;’ before ‘rv’
  HANDLE rv = CreateFile(x, xx, xxx, &xxxx, xxxxx, xxxxxx, xxxxxxx);
         ^~
CMakeFiles/cmTC_d912c.dir/build.make:65: recipe for target 'CMakeFiles/cmTC_d912c.dir/src.cxx.o' failed
make[1]: *** [CMakeFiles/cmTC_d912c.dir/src.cxx.o] Error 1
make[1]: Leaving directory '/home/parallels/CLionProjects/dune/cmake-build-debug/CMakeFiles/CMakeTmp'
Makefile:121: recipe for target 'cmTC_d912c/fast' failed
make: *** [cmTC_d912c/fast] Error 2


Source file was:

int main(void) {
LPCSTR x;
DWORD xx;
DWORD xxx;
SECURITY_ATTRIBUTES xxxx;
DWORD xxxxx;
DWORD xxxxxx;
HANDLE xxxxxxx;

 HANDLE rv = CreateFile(x, xx, xxx, &xxxx, xxxxx, xxxxxx, xxxxxxx);
return 0;
}

Performing C++ SOURCE FILE Test DUNE_SYS_HAS_READ_FILE failed with the following output:
Change Dir: /home/parallels/CLionProjects/dune/cmake-build-debug/CMakeFiles/CMakeTmp

Run Build Command(s):/usr/bin/make cmTC_c745a/fast && /usr/bin/make -f CMakeFiles/cmTC_c745a.dir/build.make CMakeFiles/cmTC_c745a.dir/build
make[1]: Entering directory '/home/parallels/CLionProjects/dune/cmake-build-debug/CMakeFiles/CMakeTmp'
Building CXX object CMakeFiles/cmTC_c745a.dir/src.cxx.o
/usr/bin/c++    -DDUNE_SYS_HAS_READ_FILE -Wall -Wshadow -pedantic   -o CMakeFiles/cmTC_c745a.dir/src.cxx.o -c /home/parallels/CLionProjects/dune/cmake-build-debug/CMakeFiles/CMakeTmp/src.cxx
/home/parallels/CLionProjects/dune/cmake-build-debug/CMakeFiles/CMakeTmp/src.cxx: In function ‘int main()’:
/home/parallels/CLionProjects/dune/cmake-build-debug/CMakeFiles/CMakeTmp/src.cxx:3:1: error: ‘HANDLE’ was not declared in this scope
 HANDLE x;
 ^~~~~~
/home/parallels/CLionProjects/dune/cmake-build-debug/CMakeFiles/CMakeTmp/src.cxx:4:1: error: ‘LPVOID’ was not declared in this scope
 LPVOID xx;
 ^~~~~~
/home/parallels/CLionProjects/dune/cmake-build-debug/CMakeFiles/CMakeTmp/src.cxx:5:1: error: ‘DWORD’ was not declared in this scope
 DWORD xxx;
 ^~~~~
/home/parallels/CLionProjects/dune/cmake-build-debug/CMakeFiles/CMakeTmp/src.cxx:6:7: error: expected ‘;’ before ‘xxxx’
 DWORD xxxx;
       ^~~~
/home/parallels/CLionProjects/dune/cmake-build-debug/CMakeFiles/CMakeTmp/src.cxx:7:1: error: ‘OVERLAPPED’ was not declared in this scope
 OVERLAPPED xxxxx;
 ^~~~~~~~~~
/home/parallels/CLionProjects/dune/cmake-build-debug/CMakeFiles/CMakeTmp/src.cxx:9:2: error: ‘BOOL’ was not declared in this scope
  BOOL rv = ReadFile(x, xx, xxx, &xxxx, &xxxxx);
  ^~~~
CMakeFiles/cmTC_c745a.dir/build.make:65: recipe for target 'CMakeFiles/cmTC_c745a.dir/src.cxx.o' failed
make[1]: *** [CMakeFiles/cmTC_c745a.dir/src.cxx.o] Error 1
make[1]: Leaving directory '/home/parallels/CLionProjects/dune/cmake-build-debug/CMakeFiles/CMakeTmp'
Makefile:121: recipe for target 'cmTC_c745a/fast' failed
make: *** [cmTC_c745a/fast] Error 2


Source file was:

int main(void) {
HANDLE x;
LPVOID xx;
DWORD xxx;
DWORD xxxx;
OVERLAPPED xxxxx;

 BOOL rv = ReadFile(x, xx, xxx, &xxxx, &xxxxx);
return 0;
}

Performing C++ SOURCE FILE Test DUNE_SYS_HAS_WRITE_FILE failed with the following output:
Change Dir: /home/parallels/CLionProjects/dune/cmake-build-debug/CMakeFiles/CMakeTmp

Run Build Command(s):/usr/bin/make cmTC_d33d4/fast && /usr/bin/make -f CMakeFiles/cmTC_d33d4.dir/build.make CMakeFiles/cmTC_d33d4.dir/build
make[1]: Entering directory '/home/parallels/CLionProjects/dune/cmake-build-debug/CMakeFiles/CMakeTmp'
Building CXX object CMakeFiles/cmTC_d33d4.dir/src.cxx.o
/usr/bin/c++    -DDUNE_SYS_HAS_WRITE_FILE -Wall -Wshadow -pedantic   -o CMakeFiles/cmTC_d33d4.dir/src.cxx.o -c /home/parallels/CLionProjects/dune/cmake-build-debug/CMakeFiles/CMakeTmp/src.cxx
/home/parallels/CLionProjects/dune/cmake-build-debug/CMakeFiles/CMakeTmp/src.cxx: In function ‘int main()’:
/home/parallels/CLionProjects/dune/cmake-build-debug/CMakeFiles/CMakeTmp/src.cxx:3:1: error: ‘HANDLE’ was not declared in this scope
 HANDLE x;
 ^~~~~~
/home/parallels/CLionProjects/dune/cmake-build-debug/CMakeFiles/CMakeTmp/src.cxx:4:1: error: ‘LPCVOID’ was not declared in this scope
 LPCVOID xx;
 ^~~~~~~
/home/parallels/CLionProjects/dune/cmake-build-debug/CMakeFiles/CMakeTmp/src.cxx:5:1: error: ‘DWORD’ was not declared in this scope
 DWORD xxx;
 ^~~~~
/home/parallels/CLionProjects/dune/cmake-build-debug/CMakeFiles/CMakeTmp/src.cxx:6:7: error: expected ‘;’ before ‘xxxx’
 DWORD xxxx;
       ^~~~
/home/parallels/CLionProjects/dune/cmake-build-debug/CMakeFiles/CMakeTmp/src.cxx:7:1: error: ‘OVERLAPPED’ was not declared in this scope
 OVERLAPPED xxxxx;
 ^~~~~~~~~~
/home/parallels/CLionProjects/dune/cmake-build-debug/CMakeFiles/CMakeTmp/src.cxx:9:2: error: ‘BOOL’ was not declared in this scope
  BOOL rv = WriteFile(x, xx, xxx, &xxxx, &xxxxx);
  ^~~~
CMakeFiles/cmTC_d33d4.dir/build.make:65: recipe for target 'CMakeFiles/cmTC_d33d4.dir/src.cxx.o' failed
make[1]: *** [CMakeFiles/cmTC_d33d4.dir/src.cxx.o] Error 1
make[1]: Leaving directory '/home/parallels/CLionProjects/dune/cmake-build-debug/CMakeFiles/CMakeTmp'
Makefile:121: recipe for target 'cmTC_d33d4/fast' failed
make: *** [cmTC_d33d4/fast] Error 2


Source file was:

int main(void) {
HANDLE x;
LPCVOID xx;
DWORD xxx;
DWORD xxxx;
OVERLAPPED xxxxx;

 BOOL rv = WriteFile(x, xx, xxx, &xxxx, &xxxxx);
return 0;
}

Performing C++ SOURCE FILE Test DUNE_SYS_HAS_GET_OVERLAPPED_RESULT failed with the following output:
Change Dir: /home/parallels/CLionProjects/dune/cmake-build-debug/CMakeFiles/CMakeTmp

Run Build Command(s):/usr/bin/make cmTC_00eb7/fast && /usr/bin/make -f CMakeFiles/cmTC_00eb7.dir/build.make CMakeFiles/cmTC_00eb7.dir/build
make[1]: Entering directory '/home/parallels/CLionProjects/dune/cmake-build-debug/CMakeFiles/CMakeTmp'
Building CXX object CMakeFiles/cmTC_00eb7.dir/src.cxx.o
/usr/bin/c++    -DDUNE_SYS_HAS_GET_OVERLAPPED_RESULT -Wall -Wshadow -pedantic   -o CMakeFiles/cmTC_00eb7.dir/src.cxx.o -c /home/parallels/CLionProjects/dune/cmake-build-debug/CMakeFiles/CMakeTmp/src.cxx
/home/parallels/CLionProjects/dune/cmake-build-debug/CMakeFiles/CMakeTmp/src.cxx: In function ‘int main()’:
/home/parallels/CLionProjects/dune/cmake-build-debug/CMakeFiles/CMakeTmp/src.cxx:3:1: error: ‘HANDLE’ was not declared in this scope
 HANDLE x;
 ^~~~~~
/home/parallels/CLionProjects/dune/cmake-build-debug/CMakeFiles/CMakeTmp/src.cxx:4:1: error: ‘OVERLAPPED’ was not declared in this scope
 OVERLAPPED xx;
 ^~~~~~~~~~
/home/parallels/CLionProjects/dune/cmake-build-debug/CMakeFiles/CMakeTmp/src.cxx:5:1: error: ‘DWORD’ was not declared in this scope
 DWORD xxx;
 ^~~~~
/home/parallels/CLionProjects/dune/cmake-build-debug/CMakeFiles/CMakeTmp/src.cxx:6:1: error: ‘BOOL’ was not declared in this scope
 BOOL xxxx;
 ^~~~
/home/parallels/CLionProjects/dune/cmake-build-debug/CMakeFiles/CMakeTmp/src.cxx:8:7: error: expected ‘;’ before ‘rv’
  BOOL rv = GetOverlappedResult(x, &xx, &xxx, xxxx);
       ^~
CMakeFiles/cmTC_00eb7.dir/build.make:65: recipe for target 'CMakeFiles/cmTC_00eb7.dir/src.cxx.o' failed
make[1]: *** [CMakeFiles/cmTC_00eb7.dir/src.cxx.o] Error 1
make[1]: Leaving directory '/home/parallels/CLionProjects/dune/cmake-build-debug/CMakeFiles/CMakeTmp'
Makefile:121: recipe for target 'cmTC_00eb7/fast' failed
make: *** [cmTC_00eb7/fast] Error 2


Source file was:

int main(void) {
HANDLE x;
OVERLAPPED xx;
DWORD xxx;
BOOL xxxx;

 BOOL rv = GetOverlappedResult(x, &xx, &xxx, xxxx);
return 0;
}

Performing C++ SOURCE FILE Test DUNE_SYS_HAS_SET_COMM_STATE failed with the following output:
Change Dir: /home/parallels/CLionProjects/dune/cmake-build-debug/CMakeFiles/CMakeTmp

Run Build Command(s):/usr/bin/make cmTC_f69d8/fast && /usr/bin/make -f CMakeFiles/cmTC_f69d8.dir/build.make CMakeFiles/cmTC_f69d8.dir/build
make[1]: Entering directory '/home/parallels/CLionProjects/dune/cmake-build-debug/CMakeFiles/CMakeTmp'
Building CXX object CMakeFiles/cmTC_f69d8.dir/src.cxx.o
/usr/bin/c++    -DDUNE_SYS_HAS_SET_COMM_STATE -Wall -Wshadow -pedantic   -o CMakeFiles/cmTC_f69d8.dir/src.cxx.o -c /home/parallels/CLionProjects/dune/cmake-build-debug/CMakeFiles/CMakeTmp/src.cxx
/home/parallels/CLionProjects/dune/cmake-build-debug/CMakeFiles/CMakeTmp/src.cxx: In function ‘int main()’:
/home/parallels/CLionProjects/dune/cmake-build-debug/CMakeFiles/CMakeTmp/src.cxx:3:1: error: ‘HANDLE’ was not declared in this scope
 HANDLE x;
 ^~~~~~
/home/parallels/CLionProjects/dune/cmake-build-debug/CMakeFiles/CMakeTmp/src.cxx:4:1: error: ‘DCB’ was not declared in this scope
 DCB xx;
 ^~~
/home/parallels/CLionProjects/dune/cmake-build-debug/CMakeFiles/CMakeTmp/src.cxx:6:2: error: ‘BOOL’ was not declared in this scope
  BOOL rv = SetCommState(x, &xx);
  ^~~~
CMakeFiles/cmTC_f69d8.dir/build.make:65: recipe for target 'CMakeFiles/cmTC_f69d8.dir/src.cxx.o' failed
make[1]: *** [CMakeFiles/cmTC_f69d8.dir/src.cxx.o] Error 1
make[1]: Leaving directory '/home/parallels/CLionProjects/dune/cmake-build-debug/CMakeFiles/CMakeTmp'
Makefile:121: recipe for target 'cmTC_f69d8/fast' failed
make: *** [cmTC_f69d8/fast] Error 2


Source file was:

int main(void) {
HANDLE x;
DCB xx;

 BOOL rv = SetCommState(x, &xx);
return 0;
}

Performing C++ SOURCE FILE Test DUNE_SYS_HAS_GET_COMM_STATE failed with the following output:
Change Dir: /home/parallels/CLionProjects/dune/cmake-build-debug/CMakeFiles/CMakeTmp

Run Build Command(s):/usr/bin/make cmTC_b11d2/fast && /usr/bin/make -f CMakeFiles/cmTC_b11d2.dir/build.make CMakeFiles/cmTC_b11d2.dir/build
make[1]: Entering directory '/home/parallels/CLionProjects/dune/cmake-build-debug/CMakeFiles/CMakeTmp'
Building CXX object CMakeFiles/cmTC_b11d2.dir/src.cxx.o
/usr/bin/c++    -DDUNE_SYS_HAS_GET_COMM_STATE -Wall -Wshadow -pedantic   -o CMakeFiles/cmTC_b11d2.dir/src.cxx.o -c /home/parallels/CLionProjects/dune/cmake-build-debug/CMakeFiles/CMakeTmp/src.cxx
/home/parallels/CLionProjects/dune/cmake-build-debug/CMakeFiles/CMakeTmp/src.cxx: In function ‘int main()’:
/home/parallels/CLionProjects/dune/cmake-build-debug/CMakeFiles/CMakeTmp/src.cxx:3:1: error: ‘HANDLE’ was not declared in this scope
 HANDLE x;
 ^~~~~~
/home/parallels/CLionProjects/dune/cmake-build-debug/CMakeFiles/CMakeTmp/src.cxx:4:1: error: ‘DCB’ was not declared in this scope
 DCB xx;
 ^~~
/home/parallels/CLionProjects/dune/cmake-build-debug/CMakeFiles/CMakeTmp/src.cxx:6:2: error: ‘BOOL’ was not declared in this scope
  BOOL rv = GetCommState(x, &xx);
  ^~~~
CMakeFiles/cmTC_b11d2.dir/build.make:65: recipe for target 'CMakeFiles/cmTC_b11d2.dir/src.cxx.o' failed
make[1]: *** [CMakeFiles/cmTC_b11d2.dir/src.cxx.o] Error 1
make[1]: Leaving directory '/home/parallels/CLionProjects/dune/cmake-build-debug/CMakeFiles/CMakeTmp'
Makefile:121: recipe for target 'cmTC_b11d2/fast' failed
make: *** [cmTC_b11d2/fast] Error 2


Source file was:

int main(void) {
HANDLE x;
DCB xx;

 BOOL rv = GetCommState(x, &xx);
return 0;
}

Performing C++ SOURCE FILE Test DUNE_SYS_HAS_SET_COMM_MASK failed with the following output:
Change Dir: /home/parallels/CLionProjects/dune/cmake-build-debug/CMakeFiles/CMakeTmp

Run Build Command(s):/usr/bin/make cmTC_6dc61/fast && /usr/bin/make -f CMakeFiles/cmTC_6dc61.dir/build.make CMakeFiles/cmTC_6dc61.dir/build
make[1]: Entering directory '/home/parallels/CLionProjects/dune/cmake-build-debug/CMakeFiles/CMakeTmp'
Building CXX object CMakeFiles/cmTC_6dc61.dir/src.cxx.o
/usr/bin/c++    -DDUNE_SYS_HAS_SET_COMM_MASK -Wall -Wshadow -pedantic   -o CMakeFiles/cmTC_6dc61.dir/src.cxx.o -c /home/parallels/CLionProjects/dune/cmake-build-debug/CMakeFiles/CMakeTmp/src.cxx
/home/parallels/CLionProjects/dune/cmake-build-debug/CMakeFiles/CMakeTmp/src.cxx: In function ‘int main()’:
/home/parallels/CLionProjects/dune/cmake-build-debug/CMakeFiles/CMakeTmp/src.cxx:3:1: error: ‘HANDLE’ was not declared in this scope
 HANDLE x;
 ^~~~~~
/home/parallels/CLionProjects/dune/cmake-build-debug/CMakeFiles/CMakeTmp/src.cxx:4:1: error: ‘DWORD’ was not declared in this scope
 DWORD xx;
 ^~~~~
/home/parallels/CLionProjects/dune/cmake-build-debug/CMakeFiles/CMakeTmp/src.cxx:6:2: error: ‘BOOL’ was not declared in this scope
  BOOL rv = SetCommMask(x, xx);
  ^~~~
CMakeFiles/cmTC_6dc61.dir/build.make:65: recipe for target 'CMakeFiles/cmTC_6dc61.dir/src.cxx.o' failed
make[1]: *** [CMakeFiles/cmTC_6dc61.dir/src.cxx.o] Error 1
make[1]: Leaving directory '/home/parallels/CLionProjects/dune/cmake-build-debug/CMakeFiles/CMakeTmp'
Makefile:121: recipe for target 'cmTC_6dc61/fast' failed
make: *** [cmTC_6dc61/fast] Error 2


Source file was:

int main(void) {
HANDLE x;
DWORD xx;

 BOOL rv = SetCommMask(x, xx);
return 0;
}

Performing C++ SOURCE FILE Test DUNE_SYS_HAS_PURGE_COMM failed with the following output:
Change Dir: /home/parallels/CLionProjects/dune/cmake-build-debug/CMakeFiles/CMakeTmp

Run Build Command(s):/usr/bin/make cmTC_56a8d/fast && /usr/bin/make -f CMakeFiles/cmTC_56a8d.dir/build.make CMakeFiles/cmTC_56a8d.dir/build
make[1]: Entering directory '/home/parallels/CLionProjects/dune/cmake-build-debug/CMakeFiles/CMakeTmp'
Building CXX object CMakeFiles/cmTC_56a8d.dir/src.cxx.o
/usr/bin/c++    -DDUNE_SYS_HAS_PURGE_COMM -Wall -Wshadow -pedantic   -o CMakeFiles/cmTC_56a8d.dir/src.cxx.o -c /home/parallels/CLionProjects/dune/cmake-build-debug/CMakeFiles/CMakeTmp/src.cxx
/home/parallels/CLionProjects/dune/cmake-build-debug/CMakeFiles/CMakeTmp/src.cxx: In function ‘int main()’:
/home/parallels/CLionProjects/dune/cmake-build-debug/CMakeFiles/CMakeTmp/src.cxx:3:1: error: ‘HANDLE’ was not declared in this scope
 HANDLE x;
 ^~~~~~
/home/parallels/CLionProjects/dune/cmake-build-debug/CMakeFiles/CMakeTmp/src.cxx:4:1: error: ‘DWORD’ was not declared in this scope
 DWORD xx;
 ^~~~~
/home/parallels/CLionProjects/dune/cmake-build-debug/CMakeFiles/CMakeTmp/src.cxx:6:2: error: ‘BOOL’ was not declared in this scope
  BOOL rv = PurgeComm(x, xx);
  ^~~~
CMakeFiles/cmTC_56a8d.dir/build.make:65: recipe for target 'CMakeFiles/cmTC_56a8d.dir/src.cxx.o' failed
make[1]: *** [CMakeFiles/cmTC_56a8d.dir/src.cxx.o] Error 1
make[1]: Leaving directory '/home/parallels/CLionProjects/dune/cmake-build-debug/CMakeFiles/CMakeTmp'
Makefile:121: recipe for target 'cmTC_56a8d/fast' failed
make: *** [cmTC_56a8d/fast] Error 2


Source file was:

int main(void) {
HANDLE x;
DWORD xx;

 BOOL rv = PurgeComm(x, xx);
return 0;
}

Performing C++ SOURCE FILE Test DUNE_SYS_HAS_WAIT_COMM_EVENT failed with the following output:
Change Dir: /home/parallels/CLionProjects/dune/cmake-build-debug/CMakeFiles/CMakeTmp

Run Build Command(s):/usr/bin/make cmTC_d7b47/fast && /usr/bin/make -f CMakeFiles/cmTC_d7b47.dir/build.make CMakeFiles/cmTC_d7b47.dir/build
make[1]: Entering directory '/home/parallels/CLionProjects/dune/cmake-build-debug/CMakeFiles/CMakeTmp'
Building CXX object CMakeFiles/cmTC_d7b47.dir/src.cxx.o
/usr/bin/c++    -DDUNE_SYS_HAS_WAIT_COMM_EVENT -Wall -Wshadow -pedantic   -o CMakeFiles/cmTC_d7b47.dir/src.cxx.o -c /home/parallels/CLionProjects/dune/cmake-build-debug/CMakeFiles/CMakeTmp/src.cxx
/home/parallels/CLionProjects/dune/cmake-build-debug/CMakeFiles/CMakeTmp/src.cxx: In function ‘int main()’:
/home/parallels/CLionProjects/dune/cmake-build-debug/CMakeFiles/CMakeTmp/src.cxx:3:1: error: ‘HANDLE’ was not declared in this scope
 HANDLE x;
 ^~~~~~
/home/parallels/CLionProjects/dune/cmake-build-debug/CMakeFiles/CMakeTmp/src.cxx:4:1: error: ‘DWORD’ was not declared in this scope
 DWORD xx;
 ^~~~~
/home/parallels/CLionProjects/dune/cmake-build-debug/CMakeFiles/CMakeTmp/src.cxx:5:1: error: ‘OVERLAPPED’ was not declared in this scope
 OVERLAPPED xxx;
 ^~~~~~~~~~
/home/parallels/CLionProjects/dune/cmake-build-debug/CMakeFiles/CMakeTmp/src.cxx:7:2: error: ‘BOOL’ was not declared in this scope
  BOOL rv = WaitCommEvent(x, &xx, &xxx);
  ^~~~
CMakeFiles/cmTC_d7b47.dir/build.make:65: recipe for target 'CMakeFiles/cmTC_d7b47.dir/src.cxx.o' failed
make[1]: *** [CMakeFiles/cmTC_d7b47.dir/src.cxx.o] Error 1
make[1]: Leaving directory '/home/parallels/CLionProjects/dune/cmake-build-debug/CMakeFiles/CMakeTmp'
Makefile:121: recipe for target 'cmTC_d7b47/fast' failed
make: *** [cmTC_d7b47/fast] Error 2


Source file was:

int main(void) {
HANDLE x;
DWORD xx;
OVERLAPPED xxx;

 BOOL rv = WaitCommEvent(x, &xx, &xxx);
return 0;
}

Performing C++ SOURCE FILE Test DUNE_SYS_HAS_SET_COMM_BREAK failed with the following output:
Change Dir: /home/parallels/CLionProjects/dune/cmake-build-debug/CMakeFiles/CMakeTmp

Run Build Command(s):/usr/bin/make cmTC_f3441/fast && /usr/bin/make -f CMakeFiles/cmTC_f3441.dir/build.make CMakeFiles/cmTC_f3441.dir/build
make[1]: Entering directory '/home/parallels/CLionProjects/dune/cmake-build-debug/CMakeFiles/CMakeTmp'
Building CXX object CMakeFiles/cmTC_f3441.dir/src.cxx.o
/usr/bin/c++    -DDUNE_SYS_HAS_SET_COMM_BREAK -Wall -Wshadow -pedantic   -o CMakeFiles/cmTC_f3441.dir/src.cxx.o -c /home/parallels/CLionProjects/dune/cmake-build-debug/CMakeFiles/CMakeTmp/src.cxx
/home/parallels/CLionProjects/dune/cmake-build-debug/CMakeFiles/CMakeTmp/src.cxx: In function ‘int main()’:
/home/parallels/CLionProjects/dune/cmake-build-debug/CMakeFiles/CMakeTmp/src.cxx:3:1: error: ‘HANDLE’ was not declared in this scope
 HANDLE x;
 ^~~~~~
/home/parallels/CLionProjects/dune/cmake-build-debug/CMakeFiles/CMakeTmp/src.cxx:5:2: error: ‘BOOL’ was not declared in this scope
  BOOL rv = SetCommBreak(x);
  ^~~~
CMakeFiles/cmTC_f3441.dir/build.make:65: recipe for target 'CMakeFiles/cmTC_f3441.dir/src.cxx.o' failed
make[1]: *** [CMakeFiles/cmTC_f3441.dir/src.cxx.o] Error 1
make[1]: Leaving directory '/home/parallels/CLionProjects/dune/cmake-build-debug/CMakeFiles/CMakeTmp'
Makefile:121: recipe for target 'cmTC_f3441/fast' failed
make: *** [cmTC_f3441/fast] Error 2


Source file was:

int main(void) {
HANDLE x;

 BOOL rv = SetCommBreak(x);
return 0;
}

Performing C++ SOURCE FILE Test DUNE_SYS_HAS_CLEAR_COMM_BREAK failed with the following output:
Change Dir: /home/parallels/CLionProjects/dune/cmake-build-debug/CMakeFiles/CMakeTmp

Run Build Command(s):/usr/bin/make cmTC_0c52b/fast && /usr/bin/make -f CMakeFiles/cmTC_0c52b.dir/build.make CMakeFiles/cmTC_0c52b.dir/build
make[1]: Entering directory '/home/parallels/CLionProjects/dune/cmake-build-debug/CMakeFiles/CMakeTmp'
Building CXX object CMakeFiles/cmTC_0c52b.dir/src.cxx.o
/usr/bin/c++    -DDUNE_SYS_HAS_CLEAR_COMM_BREAK -Wall -Wshadow -pedantic   -o CMakeFiles/cmTC_0c52b.dir/src.cxx.o -c /home/parallels/CLionProjects/dune/cmake-build-debug/CMakeFiles/CMakeTmp/src.cxx
/home/parallels/CLionProjects/dune/cmake-build-debug/CMakeFiles/CMakeTmp/src.cxx: In function ‘int main()’:
/home/parallels/CLionProjects/dune/cmake-build-debug/CMakeFiles/CMakeTmp/src.cxx:3:1: error: ‘HANDLE’ was not declared in this scope
 HANDLE x;
 ^~~~~~
/home/parallels/CLionProjects/dune/cmake-build-debug/CMakeFiles/CMakeTmp/src.cxx:5:2: error: ‘BOOL’ was not declared in this scope
  BOOL rv = ClearCommBreak(x);
  ^~~~
CMakeFiles/cmTC_0c52b.dir/build.make:65: recipe for target 'CMakeFiles/cmTC_0c52b.dir/src.cxx.o' failed
make[1]: *** [CMakeFiles/cmTC_0c52b.dir/src.cxx.o] Error 1
make[1]: Leaving directory '/home/parallels/CLionProjects/dune/cmake-build-debug/CMakeFiles/CMakeTmp'
Makefile:121: recipe for target 'cmTC_0c52b/fast' failed
make: *** [cmTC_0c52b/fast] Error 2


Source file was:

int main(void) {
HANDLE x;

 BOOL rv = ClearCommBreak(x);
return 0;
}

Performing C++ SOURCE FILE Test DUNE_SYS_HAS_CLEAR_COMM_ERROR failed with the following output:
Change Dir: /home/parallels/CLionProjects/dune/cmake-build-debug/CMakeFiles/CMakeTmp

Run Build Command(s):/usr/bin/make cmTC_f253d/fast && /usr/bin/make -f CMakeFiles/cmTC_f253d.dir/build.make CMakeFiles/cmTC_f253d.dir/build
make[1]: Entering directory '/home/parallels/CLionProjects/dune/cmake-build-debug/CMakeFiles/CMakeTmp'
Building CXX object CMakeFiles/cmTC_f253d.dir/src.cxx.o
/usr/bin/c++    -DDUNE_SYS_HAS_CLEAR_COMM_ERROR -Wall -Wshadow -pedantic   -o CMakeFiles/cmTC_f253d.dir/src.cxx.o -c /home/parallels/CLionProjects/dune/cmake-build-debug/CMakeFiles/CMakeTmp/src.cxx
/home/parallels/CLionProjects/dune/cmake-build-debug/CMakeFiles/CMakeTmp/src.cxx: In function ‘int main()’:
/home/parallels/CLionProjects/dune/cmake-build-debug/CMakeFiles/CMakeTmp/src.cxx:3:1: error: ‘HANDLE’ was not declared in this scope
 HANDLE x;
 ^~~~~~
/home/parallels/CLionProjects/dune/cmake-build-debug/CMakeFiles/CMakeTmp/src.cxx:4:1: error: ‘DWORD’ was not declared in this scope
 DWORD xx;
 ^~~~~
/home/parallels/CLionProjects/dune/cmake-build-debug/CMakeFiles/CMakeTmp/src.cxx:5:1: error: ‘COMSTAT’ was not declared in this scope
 COMSTAT xxx;
 ^~~~~~~
/home/parallels/CLionProjects/dune/cmake-build-debug/CMakeFiles/CMakeTmp/src.cxx:7:2: error: ‘BOOL’ was not declared in this scope
  BOOL rv = ClearCommError(x, &xx, &xxx);
  ^~~~
CMakeFiles/cmTC_f253d.dir/build.make:65: recipe for target 'CMakeFiles/cmTC_f253d.dir/src.cxx.o' failed
make[1]: *** [CMakeFiles/cmTC_f253d.dir/src.cxx.o] Error 1
make[1]: Leaving directory '/home/parallels/CLionProjects/dune/cmake-build-debug/CMakeFiles/CMakeTmp'
Makefile:121: recipe for target 'cmTC_f253d/fast' failed
make: *** [cmTC_f253d/fast] Error 2


Source file was:

int main(void) {
HANDLE x;
DWORD xx;
COMSTAT xxx;

 BOOL rv = ClearCommError(x, &xx, &xxx);
return 0;
}

Performing C++ SOURCE FILE Test DUNE_SYS_HAS_WAIT_FOR_SINGLE_OBJECT failed with the following output:
Change Dir: /home/parallels/CLionProjects/dune/cmake-build-debug/CMakeFiles/CMakeTmp

Run Build Command(s):/usr/bin/make cmTC_10237/fast && /usr/bin/make -f CMakeFiles/cmTC_10237.dir/build.make CMakeFiles/cmTC_10237.dir/build
make[1]: Entering directory '/home/parallels/CLionProjects/dune/cmake-build-debug/CMakeFiles/CMakeTmp'
Building CXX object CMakeFiles/cmTC_10237.dir/src.cxx.o
/usr/bin/c++    -DDUNE_SYS_HAS_WAIT_FOR_SINGLE_OBJECT -Wall -Wshadow -pedantic   -o CMakeFiles/cmTC_10237.dir/src.cxx.o -c /home/parallels/CLionProjects/dune/cmake-build-debug/CMakeFiles/CMakeTmp/src.cxx
/home/parallels/CLionProjects/dune/cmake-build-debug/CMakeFiles/CMakeTmp/src.cxx: In function ‘int main()’:
/home/parallels/CLionProjects/dune/cmake-build-debug/CMakeFiles/CMakeTmp/src.cxx:3:1: error: ‘HANDLE’ was not declared in this scope
 HANDLE x;
 ^~~~~~
/home/parallels/CLionProjects/dune/cmake-build-debug/CMakeFiles/CMakeTmp/src.cxx:4:1: error: ‘DWORD’ was not declared in this scope
 DWORD xx;
 ^~~~~
/home/parallels/CLionProjects/dune/cmake-build-debug/CMakeFiles/CMakeTmp/src.cxx:6:8: error: expected ‘;’ before ‘rv’
  DWORD rv = WaitForSingleObject(x, xx);
        ^~
CMakeFiles/cmTC_10237.dir/build.make:65: recipe for target 'CMakeFiles/cmTC_10237.dir/src.cxx.o' failed
make[1]: *** [CMakeFiles/cmTC_10237.dir/src.cxx.o] Error 1
make[1]: Leaving directory '/home/parallels/CLionProjects/dune/cmake-build-debug/CMakeFiles/CMakeTmp'
Makefile:121: recipe for target 'cmTC_10237/fast' failed
make: *** [cmTC_10237/fast] Error 2


Source file was:

int main(void) {
HANDLE x;
DWORD xx;

 DWORD rv = WaitForSingleObject(x, xx);
return 0;
}

Performing C++ SOURCE FILE Test DUNE_SYS_HAS_CREATE_EVENT failed with the following output:
Change Dir: /home/parallels/CLionProjects/dune/cmake-build-debug/CMakeFiles/CMakeTmp

Run Build Command(s):/usr/bin/make cmTC_8d26f/fast && /usr/bin/make -f CMakeFiles/cmTC_8d26f.dir/build.make CMakeFiles/cmTC_8d26f.dir/build
make[1]: Entering directory '/home/parallels/CLionProjects/dune/cmake-build-debug/CMakeFiles/CMakeTmp'
Building CXX object CMakeFiles/cmTC_8d26f.dir/src.cxx.o
/usr/bin/c++    -DDUNE_SYS_HAS_CREATE_EVENT -Wall -Wshadow -pedantic   -o CMakeFiles/cmTC_8d26f.dir/src.cxx.o -c /home/parallels/CLionProjects/dune/cmake-build-debug/CMakeFiles/CMakeTmp/src.cxx
/home/parallels/CLionProjects/dune/cmake-build-debug/CMakeFiles/CMakeTmp/src.cxx: In function ‘int main()’:
/home/parallels/CLionProjects/dune/cmake-build-debug/CMakeFiles/CMakeTmp/src.cxx:3:1: error: ‘SECURITY_ATTRIBUTES’ was not declared in this scope
 SECURITY_ATTRIBUTES x;
 ^~~~~~~~~~~~~~~~~~~
/home/parallels/CLionProjects/dune/cmake-build-debug/CMakeFiles/CMakeTmp/src.cxx:4:1: error: ‘BOOL’ was not declared in this scope
 BOOL xx;
 ^~~~
/home/parallels/CLionProjects/dune/cmake-build-debug/CMakeFiles/CMakeTmp/src.cxx:5:6: error: expected ‘;’ before ‘xxx’
 BOOL xxx;
      ^~~
/home/parallels/CLionProjects/dune/cmake-build-debug/CMakeFiles/CMakeTmp/src.cxx:6:1: error: ‘LPCSTR’ was not declared in this scope
 LPCSTR xxxx;
 ^~~~~~
/home/parallels/CLionProjects/dune/cmake-build-debug/CMakeFiles/CMakeTmp/src.cxx:8:2: error: ‘HANDLE’ was not declared in this scope
  HANDLE rv = CreateEvent(&x, xx, xxx, xxxx);
  ^~~~~~
CMakeFiles/cmTC_8d26f.dir/build.make:65: recipe for target 'CMakeFiles/cmTC_8d26f.dir/src.cxx.o' failed
make[1]: *** [CMakeFiles/cmTC_8d26f.dir/src.cxx.o] Error 1
make[1]: Leaving directory '/home/parallels/CLionProjects/dune/cmake-build-debug/CMakeFiles/CMakeTmp'
Makefile:121: recipe for target 'cmTC_8d26f/fast' failed
make: *** [cmTC_8d26f/fast] Error 2


Source file was:

int main(void) {
SECURITY_ATTRIBUTES x;
BOOL xx;
BOOL xxx;
LPCSTR xxxx;

 HANDLE rv = CreateEvent(&x, xx, xxx, xxxx);
return 0;
}

Performing C++ SOURCE FILE Test DUNE_SYS_HAS__ISNAN failed with the following output:
Change Dir: /home/parallels/CLionProjects/dune/cmake-build-debug/CMakeFiles/CMakeTmp

Run Build Command(s):/usr/bin/make cmTC_0cab8/fast && /usr/bin/make -f CMakeFiles/cmTC_0cab8.dir/build.make CMakeFiles/cmTC_0cab8.dir/build
make[1]: Entering directory '/home/parallels/CLionProjects/dune/cmake-build-debug/CMakeFiles/CMakeTmp'
Building CXX object CMakeFiles/cmTC_0cab8.dir/src.cxx.o
/usr/bin/c++    -DDUNE_SYS_HAS__ISNAN -Wall -Wshadow -pedantic   -o CMakeFiles/cmTC_0cab8.dir/src.cxx.o -c /home/parallels/CLionProjects/dune/cmake-build-debug/CMakeFiles/CMakeTmp/src.cxx
/home/parallels/CLionProjects/dune/cmake-build-debug/CMakeFiles/CMakeTmp/src.cxx: In function ‘int main()’:
/home/parallels/CLionProjects/dune/cmake-build-debug/CMakeFiles/CMakeTmp/src.cxx:6:11: error: ‘_isnan’ was not declared in this scope
  int rv = _isnan(x);
           ^~~~~~
/home/parallels/CLionProjects/dune/cmake-build-debug/CMakeFiles/CMakeTmp/src.cxx:6:6: warning: unused variable ‘rv’ [-Wunused-variable]
  int rv = _isnan(x);
      ^~
CMakeFiles/cmTC_0cab8.dir/build.make:65: recipe for target 'CMakeFiles/cmTC_0cab8.dir/src.cxx.o' failed
make[1]: *** [CMakeFiles/cmTC_0cab8.dir/src.cxx.o] Error 1
make[1]: Leaving directory '/home/parallels/CLionProjects/dune/cmake-build-debug/CMakeFiles/CMakeTmp'
Makefile:121: recipe for target 'cmTC_0cab8/fast' failed
make: *** [cmTC_0cab8/fast] Error 2


Source file was:
#include <float.h>

int main(void) {
double x;

 int rv = _isnan(x);
return 0;
}

Performing C++ SOURCE FILE Test DUNE_SYS_HAS_CRITICAL_SECTION failed with the following output:
Change Dir: /home/parallels/CLionProjects/dune/cmake-build-debug/CMakeFiles/CMakeTmp

Run Build Command(s):/usr/bin/make cmTC_caabc/fast && /usr/bin/make -f CMakeFiles/cmTC_caabc.dir/build.make CMakeFiles/cmTC_caabc.dir/build
make[1]: Entering directory '/home/parallels/CLionProjects/dune/cmake-build-debug/CMakeFiles/CMakeTmp'
Building CXX object CMakeFiles/cmTC_caabc.dir/src.cxx.o
/usr/bin/c++    -DDUNE_SYS_HAS_CRITICAL_SECTION -Wall -Wshadow -pedantic   -o CMakeFiles/cmTC_caabc.dir/src.cxx.o -c /home/parallels/CLionProjects/dune/cmake-build-debug/CMakeFiles/CMakeTmp/src.cxx
/home/parallels/CLionProjects/dune/cmake-build-debug/CMakeFiles/CMakeTmp/src.cxx: In function ‘int main()’:
/home/parallels/CLionProjects/dune/cmake-build-debug/CMakeFiles/CMakeTmp/src.cxx:2:18: error: ‘CRITICAL_SECTION’ was not declared in this scope
 int main(void) { CRITICAL_SECTION x; return 0;}
                  ^~~~~~~~~~~~~~~~
CMakeFiles/cmTC_caabc.dir/build.make:65: recipe for target 'CMakeFiles/cmTC_caabc.dir/src.cxx.o' failed
make[1]: *** [CMakeFiles/cmTC_caabc.dir/src.cxx.o] Error 1
make[1]: Leaving directory '/home/parallels/CLionProjects/dune/cmake-build-debug/CMakeFiles/CMakeTmp'
Makefile:121: recipe for target 'cmTC_caabc/fast' failed
make: *** [cmTC_caabc/fast] Error 2


Source file was:

int main(void) { CRITICAL_SECTION x; return 0;}

Determining if the function BVTSonar_Create exists in the bvtsdk failed with the following output:
Change Dir: /home/parallels/CLionProjects/dune/cmake-build-debug/CMakeFiles/CMakeTmp

Run Build Command(s):/usr/bin/make cmTC_78ae0/fast && /usr/bin/make -f CMakeFiles/cmTC_78ae0.dir/build.make CMakeFiles/cmTC_78ae0.dir/build
make[1]: Entering directory '/home/parallels/CLionProjects/dune/cmake-build-debug/CMakeFiles/CMakeTmp'
Building C object CMakeFiles/cmTC_78ae0.dir/CheckFunctionExists.c.o
/usr/bin/cc   -DCHECK_FUNCTION_EXISTS=BVTSonar_Create -Wall -Wshadow -pedantic   -o CMakeFiles/cmTC_78ae0.dir/CheckFunctionExists.c.o   -c /home/parallels/clion-2020.1.1/bin/cmake/linux/share/cmake-3.16/Modules/CheckFunctionExists.c
Linking C executable cmTC_78ae0
/home/parallels/clion-2020.1.1/bin/cmake/linux/bin/cmake -E cmake_link_script CMakeFiles/cmTC_78ae0.dir/link.txt --verbose=1
/usr/bin/cc  -DCHECK_FUNCTION_EXISTS=BVTSonar_Create -Wall -Wshadow -pedantic    -rdynamic CMakeFiles/cmTC_78ae0.dir/CheckFunctionExists.c.o  -o cmTC_78ae0  -lbvtsdk -lrt -lpthread -lm -lnsl -ldl 
/usr/bin/ld: cannot find -lbvtsdk
collect2: error: ld returned 1 exit status
CMakeFiles/cmTC_78ae0.dir/build.make:86: recipe for target 'cmTC_78ae0' failed
make[1]: *** [cmTC_78ae0] Error 1
make[1]: Leaving directory '/home/parallels/CLionProjects/dune/cmake-build-debug/CMakeFiles/CMakeTmp'
Makefile:121: recipe for target 'cmTC_78ae0/fast' failed
make: *** [cmTC_78ae0/fast] Error 2



Determining if the include file bvt_sdk.h exists failed with the following output:
Change Dir: /home/parallels/CLionProjects/dune/cmake-build-debug/CMakeFiles/CMakeTmp

Run Build Command(s):/usr/bin/make cmTC_eb9d6/fast && /usr/bin/make -f CMakeFiles/cmTC_eb9d6.dir/build.make CMakeFiles/cmTC_eb9d6.dir/build
make[1]: Entering directory '/home/parallels/CLionProjects/dune/cmake-build-debug/CMakeFiles/CMakeTmp'
Building CXX object CMakeFiles/cmTC_eb9d6.dir/CheckIncludeFile.cxx.o
/usr/bin/c++    -Wall -Wshadow -pedantic   -o CMakeFiles/cmTC_eb9d6.dir/CheckIncludeFile.cxx.o -c /home/parallels/CLionProjects/dune/cmake-build-debug/CMakeFiles/CMakeTmp/CheckIncludeFile.cxx
/home/parallels/CLionProjects/dune/cmake-build-debug/CMakeFiles/CMakeTmp/CheckIncludeFile.cxx:1:10: fatal error: bvt_sdk.h: No such file or directory
 #include <bvt_sdk.h>
          ^~~~~~~~~~~
compilation terminated.
CMakeFiles/cmTC_eb9d6.dir/build.make:65: recipe for target 'CMakeFiles/cmTC_eb9d6.dir/CheckIncludeFile.cxx.o' failed
make[1]: *** [CMakeFiles/cmTC_eb9d6.dir/CheckIncludeFile.cxx.o] Error 1
make[1]: Leaving directory '/home/parallels/CLionProjects/dune/cmake-build-debug/CMakeFiles/CMakeTmp'
Makefile:121: recipe for target 'cmTC_eb9d6/fast' failed
make: *** [cmTC_eb9d6/fast] Error 2



Determining if the function FT_Open exists in the ftd2xx failed with the following output:
Change Dir: /home/parallels/CLionProjects/dune/cmake-build-debug/CMakeFiles/CMakeTmp

Run Build Command(s):/usr/bin/make cmTC_3d22d/fast && /usr/bin/make -f CMakeFiles/cmTC_3d22d.dir/build.make CMakeFiles/cmTC_3d22d.dir/build
make[1]: Entering directory '/home/parallels/CLionProjects/dune/cmake-build-debug/CMakeFiles/CMakeTmp'
Building C object CMakeFiles/cmTC_3d22d.dir/CheckFunctionExists.c.o
/usr/bin/cc   -DCHECK_FUNCTION_EXISTS=FT_Open -Wall -Wshadow -pedantic   -o CMakeFiles/cmTC_3d22d.dir/CheckFunctionExists.c.o   -c /home/parallels/clion-2020.1.1/bin/cmake/linux/share/cmake-3.16/Modules/CheckFunctionExists.c
Linking C executable cmTC_3d22d
/home/parallels/clion-2020.1.1/bin/cmake/linux/bin/cmake -E cmake_link_script CMakeFiles/cmTC_3d22d.dir/link.txt --verbose=1
/usr/bin/cc  -DCHECK_FUNCTION_EXISTS=FT_Open -Wall -Wshadow -pedantic    -rdynamic CMakeFiles/cmTC_3d22d.dir/CheckFunctionExists.c.o  -o cmTC_3d22d  -lftd2xx -lrt -lpthread -lm -lnsl -ldl -lusb-1.0 
/usr/bin/ld: cannot find -lftd2xx
collect2: error: ld returned 1 exit status
CMakeFiles/cmTC_3d22d.dir/build.make:86: recipe for target 'cmTC_3d22d' failed
make[1]: *** [cmTC_3d22d] Error 1
make[1]: Leaving directory '/home/parallels/CLionProjects/dune/cmake-build-debug/CMakeFiles/CMakeTmp'
Makefile:121: recipe for target 'cmTC_3d22d/fast' failed
make: *** [cmTC_3d22d/fast] Error 2



Determining if the include file ftd2xx.h exists failed with the following output:
Change Dir: /home/parallels/CLionProjects/dune/cmake-build-debug/CMakeFiles/CMakeTmp

Run Build Command(s):/usr/bin/make cmTC_d1d62/fast && /usr/bin/make -f CMakeFiles/cmTC_d1d62.dir/build.make CMakeFiles/cmTC_d1d62.dir/build
make[1]: Entering directory '/home/parallels/CLionProjects/dune/cmake-build-debug/CMakeFiles/CMakeTmp'
Building CXX object CMakeFiles/cmTC_d1d62.dir/CheckIncludeFile.cxx.o
/usr/bin/c++    -Wall -Wshadow -pedantic   -o CMakeFiles/cmTC_d1d62.dir/CheckIncludeFile.cxx.o -c /home/parallels/CLionProjects/dune/cmake-build-debug/CMakeFiles/CMakeTmp/CheckIncludeFile.cxx
/home/parallels/CLionProjects/dune/cmake-build-debug/CMakeFiles/CMakeTmp/CheckIncludeFile.cxx:1:10: fatal error: ftd2xx.h: No such file or directory
 #include <ftd2xx.h>
          ^~~~~~~~~~
compilation terminated.
CMakeFiles/cmTC_d1d62.dir/build.make:65: recipe for target 'CMakeFiles/cmTC_d1d62.dir/CheckIncludeFile.cxx.o' failed
make[1]: *** [CMakeFiles/cmTC_d1d62.dir/CheckIncludeFile.cxx.o] Error 1
make[1]: Leaving directory '/home/parallels/CLionProjects/dune/cmake-build-debug/CMakeFiles/CMakeTmp'
Makefile:121: recipe for target 'cmTC_d1d62/fast' failed
make: *** [cmTC_d1d62/fast] Error 2



Determining if the function hid_close exists in the hidapi-libusb failed with the following output:
Change Dir: /home/parallels/CLionProjects/dune/cmake-build-debug/CMakeFiles/CMakeTmp

Run Build Command(s):/usr/bin/make cmTC_8a6ca/fast && /usr/bin/make -f CMakeFiles/cmTC_8a6ca.dir/build.make CMakeFiles/cmTC_8a6ca.dir/build
make[1]: Entering directory '/home/parallels/CLionProjects/dune/cmake-build-debug/CMakeFiles/CMakeTmp'
Building C object CMakeFiles/cmTC_8a6ca.dir/CheckFunctionExists.c.o
/usr/bin/cc   -DCHECK_FUNCTION_EXISTS=hid_close -Wall -Wshadow -pedantic   -o CMakeFiles/cmTC_8a6ca.dir/CheckFunctionExists.c.o   -c /home/parallels/clion-2020.1.1/bin/cmake/linux/share/cmake-3.16/Modules/CheckFunctionExists.c
Linking C executable cmTC_8a6ca
/home/parallels/clion-2020.1.1/bin/cmake/linux/bin/cmake -E cmake_link_script CMakeFiles/cmTC_8a6ca.dir/link.txt --verbose=1
/usr/bin/cc  -DCHECK_FUNCTION_EXISTS=hid_close -Wall -Wshadow -pedantic    -rdynamic CMakeFiles/cmTC_8a6ca.dir/CheckFunctionExists.c.o  -o cmTC_8a6ca  -lhidapi-libusb -lrt -lpthread -lm -lnsl -ldl -lusb-1.0 -ljpeg -lusb-1.0 -ljpeg 
/usr/bin/ld: cannot find -lhidapi-libusb
collect2: error: ld returned 1 exit status
CMakeFiles/cmTC_8a6ca.dir/build.make:86: recipe for target 'cmTC_8a6ca' failed
make[1]: *** [cmTC_8a6ca] Error 1
make[1]: Leaving directory '/home/parallels/CLionProjects/dune/cmake-build-debug/CMakeFiles/CMakeTmp'
Makefile:121: recipe for target 'cmTC_8a6ca/fast' failed
make: *** [cmTC_8a6ca/fast] Error 2



Determining if the function usb_device_find_USB_MCC exists in the mccusb failed with the following output:
Change Dir: /home/parallels/CLionProjects/dune/cmake-build-debug/CMakeFiles/CMakeTmp

Run Build Command(s):/usr/bin/make cmTC_dd750/fast && /usr/bin/make -f CMakeFiles/cmTC_dd750.dir/build.make CMakeFiles/cmTC_dd750.dir/build
make[1]: Entering directory '/home/parallels/CLionProjects/dune/cmake-build-debug/CMakeFiles/CMakeTmp'
Building C object CMakeFiles/cmTC_dd750.dir/CheckFunctionExists.c.o
/usr/bin/cc   -DCHECK_FUNCTION_EXISTS=usb_device_find_USB_MCC -Wall -Wshadow -pedantic   -o CMakeFiles/cmTC_dd750.dir/CheckFunctionExists.c.o   -c /home/parallels/clion-2020.1.1/bin/cmake/linux/share/cmake-3.16/Modules/CheckFunctionExists.c
Linking C executable cmTC_dd750
/home/parallels/clion-2020.1.1/bin/cmake/linux/bin/cmake -E cmake_link_script CMakeFiles/cmTC_dd750.dir/link.txt --verbose=1
/usr/bin/cc  -DCHECK_FUNCTION_EXISTS=usb_device_find_USB_MCC -Wall -Wshadow -pedantic    -rdynamic CMakeFiles/cmTC_dd750.dir/CheckFunctionExists.c.o  -o cmTC_dd750  -lmccusb -lrt -lpthread -lm -lnsl -ldl -lusb-1.0 -ljpeg -lusb-1.0 -ljpeg 
/usr/bin/ld: cannot find -lmccusb
collect2: error: ld returned 1 exit status
CMakeFiles/cmTC_dd750.dir/build.make:86: recipe for target 'cmTC_dd750' failed
make[1]: *** [cmTC_dd750] Error 1
make[1]: Leaving directory '/home/parallels/CLionProjects/dune/cmake-build-debug/CMakeFiles/CMakeTmp'
Makefile:121: recipe for target 'cmTC_dd750/fast' failed
make: *** [cmTC_dd750/fast] Error 2



Determining if the include file mccusb/pmd.h exists failed with the following output:
Change Dir: /home/parallels/CLionProjects/dune/cmake-build-debug/CMakeFiles/CMakeTmp

Run Build Command(s):/usr/bin/make cmTC_4cfa3/fast && /usr/bin/make -f CMakeFiles/cmTC_4cfa3.dir/build.make CMakeFiles/cmTC_4cfa3.dir/build
make[1]: Entering directory '/home/parallels/CLionProjects/dune/cmake-build-debug/CMakeFiles/CMakeTmp'
Building CXX object CMakeFiles/cmTC_4cfa3.dir/CheckIncludeFile.cxx.o
/usr/bin/c++    -Wall -Wshadow -pedantic   -o CMakeFiles/cmTC_4cfa3.dir/CheckIncludeFile.cxx.o -c /home/parallels/CLionProjects/dune/cmake-build-debug/CMakeFiles/CMakeTmp/CheckIncludeFile.cxx
/home/parallels/CLionProjects/dune/cmake-build-debug/CMakeFiles/CMakeTmp/CheckIncludeFile.cxx:1:10: fatal error: mccusb/pmd.h: No such file or directory
 #include <mccusb/pmd.h>
          ^~~~~~~~~~~~~~
compilation terminated.
CMakeFiles/cmTC_4cfa3.dir/build.make:65: recipe for target 'CMakeFiles/cmTC_4cfa3.dir/CheckIncludeFile.cxx.o' failed
make[1]: *** [CMakeFiles/cmTC_4cfa3.dir/CheckIncludeFile.cxx.o] Error 1
make[1]: Leaving directory '/home/parallels/CLionProjects/dune/cmake-build-debug/CMakeFiles/CMakeTmp'
Makefile:121: recipe for target 'cmTC_4cfa3/fast' failed
make: *** [cmTC_4cfa3/fast] Error 2



Determining if the function CPhidgetBridge_setEnabled exists in the phidget21 failed with the following output:
Change Dir: /home/parallels/CLionProjects/dune/cmake-build-debug/CMakeFiles/CMakeTmp

Run Build Command(s):/usr/bin/make cmTC_9e13f/fast && /usr/bin/make -f CMakeFiles/cmTC_9e13f.dir/build.make CMakeFiles/cmTC_9e13f.dir/build
make[1]: Entering directory '/home/parallels/CLionProjects/dune/cmake-build-debug/CMakeFiles/CMakeTmp'
Building C object CMakeFiles/cmTC_9e13f.dir/CheckFunctionExists.c.o
/usr/bin/cc   -DCHECK_FUNCTION_EXISTS=CPhidgetBridge_setEnabled -Wall -Wshadow -pedantic   -o CMakeFiles/cmTC_9e13f.dir/CheckFunctionExists.c.o   -c /home/parallels/clion-2020.1.1/bin/cmake/linux/share/cmake-3.16/Modules/CheckFunctionExists.c
Linking C executable cmTC_9e13f
/home/parallels/clion-2020.1.1/bin/cmake/linux/bin/cmake -E cmake_link_script CMakeFiles/cmTC_9e13f.dir/link.txt --verbose=1
/usr/bin/cc  -DCHECK_FUNCTION_EXISTS=CPhidgetBridge_setEnabled -Wall -Wshadow -pedantic    -rdynamic CMakeFiles/cmTC_9e13f.dir/CheckFunctionExists.c.o  -o cmTC_9e13f  -lphidget21 -lrt -lpthread -lm -lnsl -ldl -lusb-1.0 -ljpeg -lusb-1.0 -ljpeg 
/usr/bin/ld: cannot find -lphidget21
collect2: error: ld returned 1 exit status
CMakeFiles/cmTC_9e13f.dir/build.make:86: recipe for target 'cmTC_9e13f' failed
make[1]: *** [cmTC_9e13f] Error 1
make[1]: Leaving directory '/home/parallels/CLionProjects/dune/cmake-build-debug/CMakeFiles/CMakeTmp'
Makefile:121: recipe for target 'cmTC_9e13f/fast' failed
make: *** [cmTC_9e13f/fast] Error 2



Determining if the include file phidget21.h exists failed with the following output:
Change Dir: /home/parallels/CLionProjects/dune/cmake-build-debug/CMakeFiles/CMakeTmp

Run Build Command(s):/usr/bin/make cmTC_15404/fast && /usr/bin/make -f CMakeFiles/cmTC_15404.dir/build.make CMakeFiles/cmTC_15404.dir/build
make[1]: Entering directory '/home/parallels/CLionProjects/dune/cmake-build-debug/CMakeFiles/CMakeTmp'
Building CXX object CMakeFiles/cmTC_15404.dir/CheckIncludeFile.cxx.o
/usr/bin/c++    -Wall -Wshadow -pedantic   -o CMakeFiles/cmTC_15404.dir/CheckIncludeFile.cxx.o -c /home/parallels/CLionProjects/dune/cmake-build-debug/CMakeFiles/CMakeTmp/CheckIncludeFile.cxx
/home/parallels/CLionProjects/dune/cmake-build-debug/CMakeFiles/CMakeTmp/CheckIncludeFile.cxx:1:10: fatal error: phidget21.h: No such file or directory
 #include <phidget21.h>
          ^~~~~~~~~~~~~
compilation terminated.
CMakeFiles/cmTC_15404.dir/build.make:65: recipe for target 'CMakeFiles/cmTC_15404.dir/CheckIncludeFile.cxx.o' failed
make[1]: *** [CMakeFiles/cmTC_15404.dir/CheckIncludeFile.cxx.o] Error 1
make[1]: Leaving directory '/home/parallels/CLionProjects/dune/cmake-build-debug/CMakeFiles/CMakeTmp'
Makefile:121: recipe for target 'cmTC_15404/fast' failed
make: *** [cmTC_15404/fast] Error 2



Determining if the function sbp_state_init exists in the swiftnav-static failed with the following output:
Change Dir: /home/parallels/CLionProjects/dune/cmake-build-debug/CMakeFiles/CMakeTmp

Run Build Command(s):/usr/bin/make cmTC_92fc0/fast && /usr/bin/make -f CMakeFiles/cmTC_92fc0.dir/build.make CMakeFiles/cmTC_92fc0.dir/build
make[1]: Entering directory '/home/parallels/CLionProjects/dune/cmake-build-debug/CMakeFiles/CMakeTmp'
Building C object CMakeFiles/cmTC_92fc0.dir/CheckFunctionExists.c.o
/usr/bin/cc   -DCHECK_FUNCTION_EXISTS=sbp_state_init -Wall -Wshadow -pedantic   -o CMakeFiles/cmTC_92fc0.dir/CheckFunctionExists.c.o   -c /home/parallels/clion-2020.1.1/bin/cmake/linux/share/cmake-3.16/Modules/CheckFunctionExists.c
Linking C executable cmTC_92fc0
/home/parallels/clion-2020.1.1/bin/cmake/linux/bin/cmake -E cmake_link_script CMakeFiles/cmTC_92fc0.dir/link.txt --verbose=1
/usr/bin/cc  -DCHECK_FUNCTION_EXISTS=sbp_state_init -Wall -Wshadow -pedantic    -rdynamic CMakeFiles/cmTC_92fc0.dir/CheckFunctionExists.c.o  -o cmTC_92fc0  -lswiftnav-static -lrt -lpthread -lm -lnsl -ldl -lusb-1.0 -ljpeg -lusb-1.0 -ljpeg 
/usr/bin/ld: cannot find -lswiftnav-static
collect2: error: ld returned 1 exit status
CMakeFiles/cmTC_92fc0.dir/build.make:86: recipe for target 'cmTC_92fc0' failed
make[1]: *** [cmTC_92fc0] Error 1
make[1]: Leaving directory '/home/parallels/CLionProjects/dune/cmake-build-debug/CMakeFiles/CMakeTmp'
Makefile:121: recipe for target 'cmTC_92fc0/fast' failed
make: *** [cmTC_92fc0/fast] Error 2



Determining if the include file libswiftnav/sbp.h exists failed with the following output:
Change Dir: /home/parallels/CLionProjects/dune/cmake-build-debug/CMakeFiles/CMakeTmp

Run Build Command(s):/usr/bin/make cmTC_0950e/fast && /usr/bin/make -f CMakeFiles/cmTC_0950e.dir/build.make CMakeFiles/cmTC_0950e.dir/build
make[1]: Entering directory '/home/parallels/CLionProjects/dune/cmake-build-debug/CMakeFiles/CMakeTmp'
Building CXX object CMakeFiles/cmTC_0950e.dir/CheckIncludeFile.cxx.o
/usr/bin/c++    -Wall -Wshadow -pedantic   -o CMakeFiles/cmTC_0950e.dir/CheckIncludeFile.cxx.o -c /home/parallels/CLionProjects/dune/cmake-build-debug/CMakeFiles/CMakeTmp/CheckIncludeFile.cxx
/home/parallels/CLionProjects/dune/cmake-build-debug/CMakeFiles/CMakeTmp/CheckIncludeFile.cxx:1:10: fatal error: libswiftnav/sbp.h: No such file or directory
 #include <libswiftnav/sbp.h>
          ^~~~~~~~~~~~~~~~~~~
compilation terminated.
CMakeFiles/cmTC_0950e.dir/build.make:65: recipe for target 'CMakeFiles/cmTC_0950e.dir/CheckIncludeFile.cxx.o' failed
make[1]: *** [CMakeFiles/cmTC_0950e.dir/CheckIncludeFile.cxx.o] Error 1
make[1]: Leaving directory '/home/parallels/CLionProjects/dune/cmake-build-debug/CMakeFiles/CMakeTmp'
Makefile:121: recipe for target 'cmTC_0950e/fast' failed
make: *** [cmTC_0950e/fast] Error 2



